ERROR - 2024-05-12 05:29:49 --> mysqli_sql_exception: Duplicate entry '2024-05-12 17:29:49' for key 'PRIMARY' in C:\Users\lenovo\code\joki\CI4-StarterPanel\vendor\codeigniter4\framework\system\Database\MySQLi\Connection.php:295
Stack trace:
#0 C:\Users\lenovo\code\joki\CI4-StarterPanel\vendor\codeigniter4\framework\system\Database\MySQLi\Connection.php(295): mysqli->query('INSERT INTO `se...', 0)
#1 C:\Users\lenovo\code\joki\CI4-StarterPanel\vendor\codeigniter4\framework\system\Database\BaseConnection.php(691): CodeIgniter\Database\MySQLi\Connection->execute('INSERT INTO `se...')
#2 C:\Users\lenovo\code\joki\CI4-StarterPanel\vendor\codeigniter4\framework\system\Database\BaseConnection.php(605): CodeIgniter\Database\BaseConnection->simpleQuery('INSERT INTO `se...')
#3 C:\Users\lenovo\code\joki\CI4-StarterPanel\vendor\codeigniter4\framework\system\Database\BaseBuilder.php(2309): CodeIgniter\Database\BaseConnection->query('INSERT INTO `se...', Array, false)
#4 C:\Users\lenovo\code\joki\CI4-StarterPanel\vendor\codeigniter4\framework\system\Session\Handlers\DatabaseHandler.php(208): CodeIgniter\Database\BaseBuilder->insert(Array)
#5 [internal function]: CodeIgniter\Session\Handlers\DatabaseHandler->write('kjon0nr6a4kotvk...', '__ci_last_regen...')
#6 [internal function]: session_write_close()
#7 {main}
ERROR - 2024-05-12 06:29:32 --> mysqli_sql_exception: Duplicate entry '2024-05-12 18:29:32' for key 'PRIMARY' in C:\Users\lenovo\code\joki\CI4-StarterPanel\vendor\codeigniter4\framework\system\Database\MySQLi\Connection.php:295
Stack trace:
#0 C:\Users\lenovo\code\joki\CI4-StarterPanel\vendor\codeigniter4\framework\system\Database\MySQLi\Connection.php(295): mysqli->query('INSERT INTO `se...', 0)
#1 C:\Users\lenovo\code\joki\CI4-StarterPanel\vendor\codeigniter4\framework\system\Database\BaseConnection.php(691): CodeIgniter\Database\MySQLi\Connection->execute('INSERT INTO `se...')
#2 C:\Users\lenovo\code\joki\CI4-StarterPanel\vendor\codeigniter4\framework\system\Database\BaseConnection.php(605): CodeIgniter\Database\BaseConnection->simpleQuery('INSERT INTO `se...')
#3 C:\Users\lenovo\code\joki\CI4-StarterPanel\vendor\codeigniter4\framework\system\Database\BaseBuilder.php(2309): CodeIgniter\Database\BaseConnection->query('INSERT INTO `se...', Array, false)
#4 C:\Users\lenovo\code\joki\CI4-StarterPanel\vendor\codeigniter4\framework\system\Session\Handlers\DatabaseHandler.php(208): CodeIgniter\Database\BaseBuilder->insert(Array)
#5 [internal function]: CodeIgniter\Session\Handlers\DatabaseHandler->write('e7kld4dgnc18qks...', '__ci_last_regen...')
#6 [internal function]: session_write_close()
#7 {main}
ERROR - 2024-05-12 07:15:52 --> mysqli_sql_exception: Duplicate entry '2024-05-12 19:15:52' for key 'PRIMARY' in C:\Users\lenovo\code\joki\CI4-StarterPanel\vendor\codeigniter4\framework\system\Database\MySQLi\Connection.php:295
Stack trace:
#0 C:\Users\lenovo\code\joki\CI4-StarterPanel\vendor\codeigniter4\framework\system\Database\MySQLi\Connection.php(295): mysqli->query('INSERT INTO `se...', 0)
#1 C:\Users\lenovo\code\joki\CI4-StarterPanel\vendor\codeigniter4\framework\system\Database\BaseConnection.php(691): CodeIgniter\Database\MySQLi\Connection->execute('INSERT INTO `se...')
#2 C:\Users\lenovo\code\joki\CI4-StarterPanel\vendor\codeigniter4\framework\system\Database\BaseConnection.php(605): CodeIgniter\Database\BaseConnection->simpleQuery('INSERT INTO `se...')
#3 C:\Users\lenovo\code\joki\CI4-StarterPanel\vendor\codeigniter4\framework\system\Database\BaseBuilder.php(2309): CodeIgniter\Database\BaseConnection->query('INSERT INTO `se...', Array, false)
#4 C:\Users\lenovo\code\joki\CI4-StarterPanel\vendor\codeigniter4\framework\system\Session\Handlers\DatabaseHandler.php(208): CodeIgniter\Database\BaseBuilder->insert(Array)
#5 [internal function]: CodeIgniter\Session\Handlers\DatabaseHandler->write('nfm91h16r4ksup7...', '__ci_last_regen...')
#6 [internal function]: session_write_close()
#7 {main}
CRITICAL - 2024-05-12 11:52:18 --> Array to string conversion
in APPPATH\Views\terrafert\map.php on line 9.
 1 APPPATH\Views\terrafert\map.php(9): CodeIgniter\Debug\Exceptions->errorHandler(2, 'Array to string conversion', 'C:\\Users\\lenovo\\code\\joki\\CI4-StarterPanel\\app\\Views\\terrafert\\map.php', 9)
 2 SYSTEMPATH\View\View.php(213): include('C:\\Users\\lenovo\\code\\joki\\CI4-StarterPanel\\app\\Views\\terrafert\\map.php')
 3 SYSTEMPATH\View\View.php(216): CodeIgniter\View\View->CodeIgniter\View\{closure}()
 4 SYSTEMPATH\Common.php(1184): CodeIgniter\View\View->render('terrafert/map', [], true)
 5 APPPATH\Controllers\Map.php(36): view('terrafert/map', [...])
 6 SYSTEMPATH\CodeIgniter.php(934): App\Controllers\Map->index()
 7 SYSTEMPATH\CodeIgniter.php(499): CodeIgniter\CodeIgniter->runController(Object(App\Controllers\Map))
 8 SYSTEMPATH\CodeIgniter.php(368): CodeIgniter\CodeIgniter->handleRequest(null, Object(Config\Cache), false)
 9 FCPATH\index.php(67): CodeIgniter\CodeIgniter->run()
10 SYSTEMPATH\Commands\Server\rewrite.php(47): require_once('C:\\Users\\lenovo\\code\\joki\\CI4-StarterPanel\\public\\index.php')
CRITICAL - 2024-05-12 11:53:59 --> Array to string conversion
in APPPATH\Views\terrafert\map.php on line 9.
 1 APPPATH\Views\terrafert\map.php(9): CodeIgniter\Debug\Exceptions->errorHandler(2, 'Array to string conversion', 'C:\\Users\\lenovo\\code\\joki\\CI4-StarterPanel\\app\\Views\\terrafert\\map.php', 9)
 2 SYSTEMPATH\View\View.php(213): include('C:\\Users\\lenovo\\code\\joki\\CI4-StarterPanel\\app\\Views\\terrafert\\map.php')
 3 SYSTEMPATH\View\View.php(216): CodeIgniter\View\View->CodeIgniter\View\{closure}()
 4 SYSTEMPATH\Common.php(1184): CodeIgniter\View\View->render('terrafert/map', [], true)
 5 APPPATH\Controllers\Map.php(36): view('terrafert/map', [...])
 6 SYSTEMPATH\CodeIgniter.php(934): App\Controllers\Map->index()
 7 SYSTEMPATH\CodeIgniter.php(499): CodeIgniter\CodeIgniter->runController(Object(App\Controllers\Map))
 8 SYSTEMPATH\CodeIgniter.php(368): CodeIgniter\CodeIgniter->handleRequest(null, Object(Config\Cache), false)
 9 FCPATH\index.php(67): CodeIgniter\CodeIgniter->run()
10 SYSTEMPATH\Commands\Server\rewrite.php(47): require_once('C:\\Users\\lenovo\\code\\joki\\CI4-StarterPanel\\public\\index.php')
CRITICAL - 2024-05-12 18:31:04 --> Undefined array key "fullname"
in APPPATH\Views\layouts\header.php on line 146.
 1 APPPATH\Views\layouts\header.php(146): CodeIgniter\Debug\Exceptions->errorHandler(2, 'Undefined array key "fullname"', 'C:\\Users\\lenovo\\code\\joki\\CI4-StarterPanel\\app\\Views\\layouts\\header.php', 146)
 2 SYSTEMPATH\View\View.php(213): include('C:\\Users\\lenovo\\code\\joki\\CI4-StarterPanel\\app\\Views\\layouts\\header.php')
 3 SYSTEMPATH\View\View.php(216): CodeIgniter\View\View->CodeIgniter\View\{closure}()
 4 SYSTEMPATH\View\View.php(431): CodeIgniter\View\View->render('layouts/header', null, true)
 5 APPPATH\Views\layouts\main.php(33): CodeIgniter\View\View->include('layouts/header')
 6 SYSTEMPATH\View\View.php(213): include('C:\\Users\\lenovo\\code\\joki\\CI4-StarterPanel\\app\\Views\\layouts\\main.php')
 7 SYSTEMPATH\View\View.php(216): CodeIgniter\View\View->CodeIgniter\View\{closure}()
 8 SYSTEMPATH\View\View.php(229): CodeIgniter\View\View->render('layouts/main', [], true)
 9 SYSTEMPATH\Common.php(1184): CodeIgniter\View\View->render('common/home', [], true)
10 APPPATH\Controllers\Home.php(14): view('common/home', [...])
11 SYSTEMPATH\CodeIgniter.php(934): App\Controllers\Home->index()
12 SYSTEMPATH\CodeIgniter.php(499): CodeIgniter\CodeIgniter->runController(Object(App\Controllers\Home))
13 SYSTEMPATH\CodeIgniter.php(368): CodeIgniter\CodeIgniter->handleRequest(null, Object(Config\Cache), false)
14 FCPATH\index.php(67): CodeIgniter\CodeIgniter->run()
15 SYSTEMPATH\Commands\Server\rewrite.php(47): require_once('C:\\Users\\lenovo\\code\\joki\\CI4-StarterPanel\\public\\index.php')
CRITICAL - 2024-05-12 18:33:18 --> Undefined variable $data
in APPPATH\Controllers\Welcome.php on line 16.
 1 APPPATH\Controllers\Welcome.php(16): CodeIgniter\Debug\Exceptions->errorHandler(2, 'Undefined variable $data', 'C:\\Users\\lenovo\\code\\joki\\CI4-StarterPanel\\app\\Controllers\\Welcome.php', 16)
 2 SYSTEMPATH\CodeIgniter.php(934): App\Controllers\Welcome->index()
 3 SYSTEMPATH\CodeIgniter.php(499): CodeIgniter\CodeIgniter->runController(Object(App\Controllers\Welcome))
 4 SYSTEMPATH\CodeIgniter.php(368): CodeIgniter\CodeIgniter->handleRequest(null, Object(Config\Cache), false)
 5 FCPATH\index.php(67): CodeIgniter\CodeIgniter->run()
 6 SYSTEMPATH\Commands\Server\rewrite.php(47): require_once('C:\\Users\\lenovo\\code\\joki\\CI4-StarterPanel\\public\\index.php')
CRITICAL - 2024-05-12 20:52:11 --> Undefined variable $Alat
in APPPATH\Views\terrafert\landing.php on line 56.
 1 APPPATH\Views\terrafert\landing.php(56): CodeIgniter\Debug\Exceptions->errorHandler(2, 'Undefined variable $Alat', 'C:\\Users\\lenovo\\code\\joki\\CI4-StarterPanel\\app\\Views\\terrafert\\landing.php', 56)
 2 SYSTEMPATH\View\View.php(213): include('C:\\Users\\lenovo\\code\\joki\\CI4-StarterPanel\\app\\Views\\terrafert\\landing.php')
 3 SYSTEMPATH\View\View.php(216): CodeIgniter\View\View->CodeIgniter\View\{closure}()
 4 SYSTEMPATH\Common.php(1184): CodeIgniter\View\View->render('terrafert/landing', [], true)
 5 APPPATH\Controllers\Welcome.php(16): view('terrafert/landing')
 6 SYSTEMPATH\CodeIgniter.php(934): App\Controllers\Welcome->index()
 7 SYSTEMPATH\CodeIgniter.php(499): CodeIgniter\CodeIgniter->runController(Object(App\Controllers\Welcome))
 8 SYSTEMPATH\CodeIgniter.php(368): CodeIgniter\CodeIgniter->handleRequest(null, Object(Config\Cache), false)
 9 FCPATH\index.php(67): CodeIgniter\CodeIgniter->run()
10 SYSTEMPATH\Commands\Server\rewrite.php(47): require_once('C:\\Users\\lenovo\\code\\joki\\CI4-StarterPanel\\public\\index.php')
CRITICAL - 2024-05-12 22:01:12 --> Call to undefined function App\Controllers\verifyPass()
in APPPATH\Controllers\Welcome.php on line 32.
 1 SYSTEMPATH\CodeIgniter.php(934): App\Controllers\Welcome->login()
 2 SYSTEMPATH\CodeIgniter.php(499): CodeIgniter\CodeIgniter->runController(Object(App\Controllers\Welcome))
 3 SYSTEMPATH\CodeIgniter.php(368): CodeIgniter\CodeIgniter->handleRequest(null, Object(Config\Cache), false)
 4 FCPATH\index.php(67): CodeIgniter\CodeIgniter->run()
 5 SYSTEMPATH\Commands\Server\rewrite.php(47): require_once('C:\\Users\\lenovo\\code\\joki\\CI4-StarterPanel\\public\\index.php')
CRITICAL - 2024-05-12 22:01:38 --> Call to undefined function App\Controllers\verifyPass()
in APPPATH\Controllers\Welcome.php on line 32.
 1 SYSTEMPATH\CodeIgniter.php(934): App\Controllers\Welcome->login()
 2 SYSTEMPATH\CodeIgniter.php(499): CodeIgniter\CodeIgniter->runController(Object(App\Controllers\Welcome))
 3 SYSTEMPATH\CodeIgniter.php(368): CodeIgniter\CodeIgniter->handleRequest(null, Object(Config\Cache), false)
 4 FCPATH\index.php(67): CodeIgniter\CodeIgniter->run()
 5 SYSTEMPATH\Commands\Server\rewrite.php(47): require_once('C:\\Users\\lenovo\\code\\joki\\CI4-StarterPanel\\public\\index.php')
CRITICAL - 2024-05-12 22:01:43 --> Call to undefined function App\Controllers\verifyPass()
in APPPATH\Controllers\Welcome.php on line 32.
 1 SYSTEMPATH\CodeIgniter.php(934): App\Controllers\Welcome->login()
 2 SYSTEMPATH\CodeIgniter.php(499): CodeIgniter\CodeIgniter->runController(Object(App\Controllers\Welcome))
 3 SYSTEMPATH\CodeIgniter.php(368): CodeIgniter\CodeIgniter->handleRequest(null, Object(Config\Cache), false)
 4 FCPATH\index.php(67): CodeIgniter\CodeIgniter->run()
 5 SYSTEMPATH\Commands\Server\rewrite.php(47): require_once('C:\\Users\\lenovo\\code\\joki\\CI4-StarterPanel\\public\\index.php')
CRITICAL - 2024-05-12 22:01:58 --> Call to undefined function App\Controllers\verifyPass()
in APPPATH\Controllers\Welcome.php on line 32.
 1 SYSTEMPATH\CodeIgniter.php(934): App\Controllers\Welcome->login()
 2 SYSTEMPATH\CodeIgniter.php(499): CodeIgniter\CodeIgniter->runController(Object(App\Controllers\Welcome))
 3 SYSTEMPATH\CodeIgniter.php(368): CodeIgniter\CodeIgniter->handleRequest(null, Object(Config\Cache), false)
 4 FCPATH\index.php(67): CodeIgniter\CodeIgniter->run()
 5 SYSTEMPATH\Commands\Server\rewrite.php(47): require_once('C:\\Users\\lenovo\\code\\joki\\CI4-StarterPanel\\public\\index.php')
CRITICAL - 2024-05-12 22:05:04 --> Undefined constant "App\Controllers\inputPassword"
in APPPATH\Controllers\Welcome.php on line 48.
 1 SYSTEMPATH\CodeIgniter.php(934): App\Controllers\Welcome->login()
 2 SYSTEMPATH\CodeIgniter.php(499): CodeIgniter\CodeIgniter->runController(Object(App\Controllers\Welcome))
 3 SYSTEMPATH\CodeIgniter.php(368): CodeIgniter\CodeIgniter->handleRequest(null, Object(Config\Cache), false)
 4 FCPATH\index.php(67): CodeIgniter\CodeIgniter->run()
 5 SYSTEMPATH\Commands\Server\rewrite.php(47): require_once('C:\\Users\\lenovo\\code\\joki\\CI4-StarterPanel\\public\\index.php')
CRITICAL - 2024-05-12 22:15:04 --> Call to undefined method CodeIgniter\Database\MySQLi\Result::get()
in APPPATH\Models\UserModel.php on line 16.
 1 APPPATH\Controllers\Welcome.php(29): App\Models\UserModel->getUser('test123123@gmail.com')
 2 SYSTEMPATH\CodeIgniter.php(934): App\Controllers\Welcome->login()
 3 SYSTEMPATH\CodeIgniter.php(499): CodeIgniter\CodeIgniter->runController(Object(App\Controllers\Welcome))
 4 SYSTEMPATH\CodeIgniter.php(368): CodeIgniter\CodeIgniter->handleRequest(null, Object(Config\Cache), false)
 5 FCPATH\index.php(67): CodeIgniter\CodeIgniter->run()
 6 SYSTEMPATH\Commands\Server\rewrite.php(47): require_once('C:\\Users\\lenovo\\code\\joki\\CI4-StarterPanel\\public\\index.php')
CRITICAL - 2024-05-12 22:16:33 --> Trying to access array offset on value of type null
in APPPATH\Controllers\Welcome.php on line 31.
 1 APPPATH\Controllers\Welcome.php(31): CodeIgniter\Debug\Exceptions->errorHandler(2, 'Trying to access array offset on value of type null', 'C:\\Users\\lenovo\\code\\joki\\CI4-StarterPanel\\app\\Controllers\\Welcome.php', 31)
 2 SYSTEMPATH\CodeIgniter.php(934): App\Controllers\Welcome->login()
 3 SYSTEMPATH\CodeIgniter.php(499): CodeIgniter\CodeIgniter->runController(Object(App\Controllers\Welcome))
 4 SYSTEMPATH\CodeIgniter.php(368): CodeIgniter\CodeIgniter->handleRequest(null, Object(Config\Cache), false)
 5 FCPATH\index.php(67): CodeIgniter\CodeIgniter->run()
 6 SYSTEMPATH\Commands\Server\rewrite.php(47): require_once('C:\\Users\\lenovo\\code\\joki\\CI4-StarterPanel\\public\\index.php')
