CRITICAL - 2024-05-01 00:21:52 --> Declaration of App\Models\AlatModel::delete($id) must be compatible with CodeIgniter\BaseModel::delete($id = null, bool $purge = false)
in APPPATH\Models\AlatModel.php on line 83.
 1 [internal function]: CodeIgniter\Debug\Exceptions->shutdownHandler()
CRITICAL - 2024-05-01 00:21:59 --> Declaration of App\Models\AlatModel::delete($id) must be compatible with CodeIgniter\BaseModel::delete($id = null, bool $purge = false)
in APPPATH\Models\AlatModel.php on line 83.
 1 [internal function]: CodeIgniter\Debug\Exceptions->shutdownHandler()
CRITICAL - 2024-05-01 00:24:25 --> Declaration of App\Models\AlatModel::delete($id) must be compatible with CodeIgniter\BaseModel::delete($id = null, bool $purge = false)
in APPPATH\Models\AlatModel.php on line 84.
 1 [internal function]: CodeIgniter\Debug\Exceptions->shutdownHandler()
ERROR - 2024-05-01 00:43:58 --> mysqli_sql_exception: Table 'adminci4.alat' doesn't exist in C:\Users\lenovo\code\joki\CI4-StarterPanel\vendor\codeigniter4\framework\system\Database\MySQLi\Connection.php:295
Stack trace:
#0 C:\Users\lenovo\code\joki\CI4-StarterPanel\vendor\codeigniter4\framework\system\Database\MySQLi\Connection.php(295): mysqli->query('SELECT 1\nFROM `...', 0)
#1 C:\Users\lenovo\code\joki\CI4-StarterPanel\vendor\codeigniter4\framework\system\Database\BaseConnection.php(691): CodeIgniter\Database\MySQLi\Connection->execute('SELECT 1\nFROM `...')
#2 C:\Users\lenovo\code\joki\CI4-StarterPanel\vendor\codeigniter4\framework\system\Database\BaseConnection.php(605): CodeIgniter\Database\BaseConnection->simpleQuery('SELECT 1\nFROM `...')
#3 C:\Users\lenovo\code\joki\CI4-StarterPanel\vendor\codeigniter4\framework\system\Database\BaseBuilder.php(1616): CodeIgniter\Database\BaseConnection->query('SELECT 1\nFROM `...', Array, false)
#4 C:\Users\lenovo\code\joki\CI4-StarterPanel\vendor\codeigniter4\framework\system\Validation\Rules.php(156): CodeIgniter\Database\BaseBuilder->get()
#5 C:\Users\lenovo\code\joki\CI4-StarterPanel\vendor\codeigniter4\framework\system\Validation\Validation.php(312): CodeIgniter\Validation\Rules->is_unique('1', 'no_device', Array, NULL, 'noDevice')
#6 C:\Users\lenovo\code\joki\CI4-StarterPanel\vendor\codeigniter4\framework\system\Validation\Validation.php(170): CodeIgniter\Validation\Validation->processRules('noDevice', 'noDevice', '1', Array, Array)
#7 C:\Users\lenovo\code\joki\CI4-StarterPanel\vendor\codeigniter4\framework\system\Controller.php(140): CodeIgniter\Validation\Validation->run()
#8 C:\Users\lenovo\code\joki\CI4-StarterPanel\app\Controllers\Alat.php(76): CodeIgniter\Controller->validate(Array)
#9 C:\Users\lenovo\code\joki\CI4-StarterPanel\vendor\codeigniter4\framework\system\CodeIgniter.php(934): App\Controllers\Alat->save()
#10 C:\Users\lenovo\code\joki\CI4-StarterPanel\vendor\codeigniter4\framework\system\CodeIgniter.php(499): CodeIgniter\CodeIgniter->runController(Object(App\Controllers\Alat))
#11 C:\Users\lenovo\code\joki\CI4-StarterPanel\vendor\codeigniter4\framework\system\CodeIgniter.php(368): CodeIgniter\CodeIgniter->handleRequest(NULL, Object(Config\Cache), false)
#12 C:\Users\lenovo\code\joki\CI4-StarterPanel\public\index.php(67): CodeIgniter\CodeIgniter->run()
#13 C:\Users\lenovo\code\joki\CI4-StarterPanel\vendor\codeigniter4\framework\system\Commands\Server\rewrite.php(47): require_once('C:\\Users\\lenovo...')
#14 {main}
CRITICAL - 2024-05-01 00:43:58 --> Call to a member function getRow() on bool
in SYSTEMPATH\Validation\Rules.php on line 156.
 1 SYSTEMPATH\Validation\Validation.php(312): CodeIgniter\Validation\Rules->is_unique('1', 'no_device', [...], null, 'noDevice')
 2 SYSTEMPATH\Validation\Validation.php(170): CodeIgniter\Validation\Validation->processRules('noDevice', 'noDevice', '1', [...], [...])
 3 SYSTEMPATH\Controller.php(140): CodeIgniter\Validation\Validation->run()
 4 APPPATH\Controllers\Alat.php(76): CodeIgniter\Controller->validate([...])
 5 SYSTEMPATH\CodeIgniter.php(934): App\Controllers\Alat->save()
 6 SYSTEMPATH\CodeIgniter.php(499): CodeIgniter\CodeIgniter->runController(Object(App\Controllers\Alat))
 7 SYSTEMPATH\CodeIgniter.php(368): CodeIgniter\CodeIgniter->handleRequest(null, Object(Config\Cache), false)
 8 FCPATH\index.php(67): CodeIgniter\CodeIgniter->run()
 9 SYSTEMPATH\Commands\Server\rewrite.php(47): require_once('C:\\Users\\lenovo\\code\\joki\\CI4-StarterPanel\\public\\index.php')
ERROR - 2024-05-01 00:44:59 --> mysqli_sql_exception: Table 'adminci4.alat' doesn't exist in C:\Users\lenovo\code\joki\CI4-StarterPanel\vendor\codeigniter4\framework\system\Database\MySQLi\Connection.php:295
Stack trace:
#0 C:\Users\lenovo\code\joki\CI4-StarterPanel\vendor\codeigniter4\framework\system\Database\MySQLi\Connection.php(295): mysqli->query('SELECT 1\nFROM `...', 0)
#1 C:\Users\lenovo\code\joki\CI4-StarterPanel\vendor\codeigniter4\framework\system\Database\BaseConnection.php(691): CodeIgniter\Database\MySQLi\Connection->execute('SELECT 1\nFROM `...')
#2 C:\Users\lenovo\code\joki\CI4-StarterPanel\vendor\codeigniter4\framework\system\Database\BaseConnection.php(605): CodeIgniter\Database\BaseConnection->simpleQuery('SELECT 1\nFROM `...')
#3 C:\Users\lenovo\code\joki\CI4-StarterPanel\vendor\codeigniter4\framework\system\Database\BaseBuilder.php(1616): CodeIgniter\Database\BaseConnection->query('SELECT 1\nFROM `...', Array, false)
#4 C:\Users\lenovo\code\joki\CI4-StarterPanel\vendor\codeigniter4\framework\system\Validation\Rules.php(156): CodeIgniter\Database\BaseBuilder->get()
#5 C:\Users\lenovo\code\joki\CI4-StarterPanel\vendor\codeigniter4\framework\system\Validation\Validation.php(312): CodeIgniter\Validation\Rules->is_unique('1', 'no_device', Array, NULL, 'noDevice')
#6 C:\Users\lenovo\code\joki\CI4-StarterPanel\vendor\codeigniter4\framework\system\Validation\Validation.php(170): CodeIgniter\Validation\Validation->processRules('noDevice', 'noDevice', '1', Array, Array)
#7 C:\Users\lenovo\code\joki\CI4-StarterPanel\vendor\codeigniter4\framework\system\Controller.php(140): CodeIgniter\Validation\Validation->run()
#8 C:\Users\lenovo\code\joki\CI4-StarterPanel\app\Controllers\Alat.php(76): CodeIgniter\Controller->validate(Array)
#9 C:\Users\lenovo\code\joki\CI4-StarterPanel\vendor\codeigniter4\framework\system\CodeIgniter.php(934): App\Controllers\Alat->save()
#10 C:\Users\lenovo\code\joki\CI4-StarterPanel\vendor\codeigniter4\framework\system\CodeIgniter.php(499): CodeIgniter\CodeIgniter->runController(Object(App\Controllers\Alat))
#11 C:\Users\lenovo\code\joki\CI4-StarterPanel\vendor\codeigniter4\framework\system\CodeIgniter.php(368): CodeIgniter\CodeIgniter->handleRequest(NULL, Object(Config\Cache), false)
#12 C:\Users\lenovo\code\joki\CI4-StarterPanel\public\index.php(67): CodeIgniter\CodeIgniter->run()
#13 C:\Users\lenovo\code\joki\CI4-StarterPanel\vendor\codeigniter4\framework\system\Commands\Server\rewrite.php(47): require_once('C:\\Users\\lenovo...')
#14 {main}
CRITICAL - 2024-05-01 00:44:59 --> Call to a member function getRow() on bool
in SYSTEMPATH\Validation\Rules.php on line 156.
 1 SYSTEMPATH\Validation\Validation.php(312): CodeIgniter\Validation\Rules->is_unique('1', 'no_device', [...], null, 'noDevice')
 2 SYSTEMPATH\Validation\Validation.php(170): CodeIgniter\Validation\Validation->processRules('noDevice', 'noDevice', '1', [...], [...])
 3 SYSTEMPATH\Controller.php(140): CodeIgniter\Validation\Validation->run()
 4 APPPATH\Controllers\Alat.php(76): CodeIgniter\Controller->validate([...])
 5 SYSTEMPATH\CodeIgniter.php(934): App\Controllers\Alat->save()
 6 SYSTEMPATH\CodeIgniter.php(499): CodeIgniter\CodeIgniter->runController(Object(App\Controllers\Alat))
 7 SYSTEMPATH\CodeIgniter.php(368): CodeIgniter\CodeIgniter->handleRequest(null, Object(Config\Cache), false)
 8 FCPATH\index.php(67): CodeIgniter\CodeIgniter->run()
 9 SYSTEMPATH\Commands\Server\rewrite.php(47): require_once('C:\\Users\\lenovo\\code\\joki\\CI4-StarterPanel\\public\\index.php')
ERROR - 2024-05-01 00:47:10 --> mysqli_sql_exception: Table 'adminci4.alat' doesn't exist in C:\Users\lenovo\code\joki\CI4-StarterPanel\vendor\codeigniter4\framework\system\Database\MySQLi\Connection.php:295
Stack trace:
#0 C:\Users\lenovo\code\joki\CI4-StarterPanel\vendor\codeigniter4\framework\system\Database\MySQLi\Connection.php(295): mysqli->query('SELECT 1\nFROM `...', 0)
#1 C:\Users\lenovo\code\joki\CI4-StarterPanel\vendor\codeigniter4\framework\system\Database\BaseConnection.php(691): CodeIgniter\Database\MySQLi\Connection->execute('SELECT 1\nFROM `...')
#2 C:\Users\lenovo\code\joki\CI4-StarterPanel\vendor\codeigniter4\framework\system\Database\BaseConnection.php(605): CodeIgniter\Database\BaseConnection->simpleQuery('SELECT 1\nFROM `...')
#3 C:\Users\lenovo\code\joki\CI4-StarterPanel\vendor\codeigniter4\framework\system\Database\BaseBuilder.php(1616): CodeIgniter\Database\BaseConnection->query('SELECT 1\nFROM `...', Array, false)
#4 C:\Users\lenovo\code\joki\CI4-StarterPanel\vendor\codeigniter4\framework\system\Validation\Rules.php(156): CodeIgniter\Database\BaseBuilder->get()
#5 C:\Users\lenovo\code\joki\CI4-StarterPanel\vendor\codeigniter4\framework\system\Validation\Validation.php(312): CodeIgniter\Validation\Rules->is_unique('1', 'no_device', Array, NULL, 'noDevice')
#6 C:\Users\lenovo\code\joki\CI4-StarterPanel\vendor\codeigniter4\framework\system\Validation\Validation.php(170): CodeIgniter\Validation\Validation->processRules('noDevice', 'noDevice', '1', Array, Array)
#7 C:\Users\lenovo\code\joki\CI4-StarterPanel\vendor\codeigniter4\framework\system\Controller.php(140): CodeIgniter\Validation\Validation->run()
#8 C:\Users\lenovo\code\joki\CI4-StarterPanel\app\Controllers\Alat.php(76): CodeIgniter\Controller->validate(Array)
#9 C:\Users\lenovo\code\joki\CI4-StarterPanel\vendor\codeigniter4\framework\system\CodeIgniter.php(934): App\Controllers\Alat->save()
#10 C:\Users\lenovo\code\joki\CI4-StarterPanel\vendor\codeigniter4\framework\system\CodeIgniter.php(499): CodeIgniter\CodeIgniter->runController(Object(App\Controllers\Alat))
#11 C:\Users\lenovo\code\joki\CI4-StarterPanel\vendor\codeigniter4\framework\system\CodeIgniter.php(368): CodeIgniter\CodeIgniter->handleRequest(NULL, Object(Config\Cache), false)
#12 C:\Users\lenovo\code\joki\CI4-StarterPanel\public\index.php(67): CodeIgniter\CodeIgniter->run()
#13 C:\Users\lenovo\code\joki\CI4-StarterPanel\vendor\codeigniter4\framework\system\Commands\Server\rewrite.php(47): require_once('C:\\Users\\lenovo...')
#14 {main}
CRITICAL - 2024-05-01 00:47:10 --> Table 'adminci4.alat' doesn't exist
in SYSTEMPATH\Database\MySQLi\Connection.php on line 295.
 1 SYSTEMPATH\Database\MySQLi\Connection.php(295): mysqli->query('SELECT 1
FROM `alat`
WHERE `no_device` = \'1\'
 LIMIT 1', 0)
 2 SYSTEMPATH\Database\BaseConnection.php(691): CodeIgniter\Database\MySQLi\Connection->execute('SELECT 1
FROM `alat`
WHERE `no_device` = \'1\'
 LIMIT 1')
 3 SYSTEMPATH\Database\BaseConnection.php(605): CodeIgniter\Database\BaseConnection->simpleQuery('SELECT 1
FROM `alat`
WHERE `no_device` = \'1\'
 LIMIT 1')
 4 SYSTEMPATH\Database\BaseBuilder.php(1616): CodeIgniter\Database\BaseConnection->query('SELECT 1
FROM `alat`
WHERE `no_device` = :no_device:
 LIMIT 1', [...], false)
 5 SYSTEMPATH\Validation\Rules.php(156): CodeIgniter\Database\BaseBuilder->get()
 6 SYSTEMPATH\Validation\Validation.php(312): CodeIgniter\Validation\Rules->is_unique('1', 'no_device', [...], null, 'noDevice')
 7 SYSTEMPATH\Validation\Validation.php(170): CodeIgniter\Validation\Validation->processRules('noDevice', 'noDevice', '1', [...], [...])
 8 SYSTEMPATH\Controller.php(140): CodeIgniter\Validation\Validation->run()
 9 APPPATH\Controllers\Alat.php(76): CodeIgniter\Controller->validate([...])
10 SYSTEMPATH\CodeIgniter.php(934): App\Controllers\Alat->save()
11 SYSTEMPATH\CodeIgniter.php(499): CodeIgniter\CodeIgniter->runController(Object(App\Controllers\Alat))
12 SYSTEMPATH\CodeIgniter.php(368): CodeIgniter\CodeIgniter->handleRequest(null, Object(Config\Cache), false)
13 FCPATH\index.php(67): CodeIgniter\CodeIgniter->run()
14 SYSTEMPATH\Commands\Server\rewrite.php(47): require_once('C:\\Users\\lenovo\\code\\joki\\CI4-StarterPanel\\public\\index.php')
CRITICAL - 2024-05-01 00:47:58 --> Undefined array key "latitude"
in APPPATH\Views\terrafert\alat.php on line 26.
 1 APPPATH\Views\terrafert\alat.php(26): CodeIgniter\Debug\Exceptions->errorHandler(2, 'Undefined array key "latitude"', 'C:\\Users\\lenovo\\code\\joki\\CI4-StarterPanel\\app\\Views\\terrafert\\alat.php', 26)
 2 SYSTEMPATH\View\View.php(213): include('C:\\Users\\lenovo\\code\\joki\\CI4-StarterPanel\\app\\Views\\terrafert\\alat.php')
 3 SYSTEMPATH\View\View.php(216): CodeIgniter\View\View->CodeIgniter\View\{closure}()
 4 SYSTEMPATH\Common.php(1184): CodeIgniter\View\View->render('terrafert/alat', [], true)
 5 APPPATH\Controllers\Alat.php(19): view('terrafert/alat', [...])
 6 SYSTEMPATH\CodeIgniter.php(934): App\Controllers\Alat->index()
 7 SYSTEMPATH\CodeIgniter.php(499): CodeIgniter\CodeIgniter->runController(Object(App\Controllers\Alat))
 8 SYSTEMPATH\CodeIgniter.php(368): CodeIgniter\CodeIgniter->handleRequest(null, Object(Config\Cache), false)
 9 FCPATH\index.php(67): CodeIgniter\CodeIgniter->run()
10 SYSTEMPATH\Commands\Server\rewrite.php(47): require_once('C:\\Users\\lenovo\\code\\joki\\CI4-StarterPanel\\public\\index.php')
CRITICAL - 2024-05-01 00:49:22 --> Undefined array key "latitude"
in APPPATH\Views\terrafert\alat.php on line 26.
 1 APPPATH\Views\terrafert\alat.php(26): CodeIgniter\Debug\Exceptions->errorHandler(2, 'Undefined array key "latitude"', 'C:\\Users\\lenovo\\code\\joki\\CI4-StarterPanel\\app\\Views\\terrafert\\alat.php', 26)
 2 SYSTEMPATH\View\View.php(213): include('C:\\Users\\lenovo\\code\\joki\\CI4-StarterPanel\\app\\Views\\terrafert\\alat.php')
 3 SYSTEMPATH\View\View.php(216): CodeIgniter\View\View->CodeIgniter\View\{closure}()
 4 SYSTEMPATH\Common.php(1184): CodeIgniter\View\View->render('terrafert/alat', [], true)
 5 APPPATH\Controllers\Alat.php(19): view('terrafert/alat', [...])
 6 SYSTEMPATH\CodeIgniter.php(934): App\Controllers\Alat->index()
 7 SYSTEMPATH\CodeIgniter.php(499): CodeIgniter\CodeIgniter->runController(Object(App\Controllers\Alat))
 8 SYSTEMPATH\CodeIgniter.php(368): CodeIgniter\CodeIgniter->handleRequest(null, Object(Config\Cache), false)
 9 FCPATH\index.php(67): CodeIgniter\CodeIgniter->run()
10 SYSTEMPATH\Commands\Server\rewrite.php(47): require_once('C:\\Users\\lenovo\\code\\joki\\CI4-StarterPanel\\public\\index.php')
CRITICAL - 2024-05-01 00:49:56 --> Undefined array key "created_at"
in APPPATH\Views\terrafert\alat.php on line 26.
 1 APPPATH\Views\terrafert\alat.php(26): CodeIgniter\Debug\Exceptions->errorHandler(2, 'Undefined array key "created_at"', 'C:\\Users\\lenovo\\code\\joki\\CI4-StarterPanel\\app\\Views\\terrafert\\alat.php', 26)
 2 SYSTEMPATH\View\View.php(213): include('C:\\Users\\lenovo\\code\\joki\\CI4-StarterPanel\\app\\Views\\terrafert\\alat.php')
 3 SYSTEMPATH\View\View.php(216): CodeIgniter\View\View->CodeIgniter\View\{closure}()
 4 SYSTEMPATH\Common.php(1184): CodeIgniter\View\View->render('terrafert/alat', [], true)
 5 APPPATH\Controllers\Alat.php(19): view('terrafert/alat', [...])
 6 SYSTEMPATH\CodeIgniter.php(934): App\Controllers\Alat->index()
 7 SYSTEMPATH\CodeIgniter.php(499): CodeIgniter\CodeIgniter->runController(Object(App\Controllers\Alat))
 8 SYSTEMPATH\CodeIgniter.php(368): CodeIgniter\CodeIgniter->handleRequest(null, Object(Config\Cache), false)
 9 FCPATH\index.php(67): CodeIgniter\CodeIgniter->run()
10 SYSTEMPATH\Commands\Server\rewrite.php(47): require_once('C:\\Users\\lenovo\\code\\joki\\CI4-StarterPanel\\public\\index.php')
CRITICAL - 2024-05-01 00:50:15 --> Undefined array key "created_at"
in APPPATH\Views\terrafert\alat.php on line 26.
 1 APPPATH\Views\terrafert\alat.php(26): CodeIgniter\Debug\Exceptions->errorHandler(2, 'Undefined array key "created_at"', 'C:\\Users\\lenovo\\code\\joki\\CI4-StarterPanel\\app\\Views\\terrafert\\alat.php', 26)
 2 SYSTEMPATH\View\View.php(213): include('C:\\Users\\lenovo\\code\\joki\\CI4-StarterPanel\\app\\Views\\terrafert\\alat.php')
 3 SYSTEMPATH\View\View.php(216): CodeIgniter\View\View->CodeIgniter\View\{closure}()
 4 SYSTEMPATH\Common.php(1184): CodeIgniter\View\View->render('terrafert/alat', [], true)
 5 APPPATH\Controllers\Alat.php(19): view('terrafert/alat', [...])
 6 SYSTEMPATH\CodeIgniter.php(934): App\Controllers\Alat->index()
 7 SYSTEMPATH\CodeIgniter.php(499): CodeIgniter\CodeIgniter->runController(Object(App\Controllers\Alat))
 8 SYSTEMPATH\CodeIgniter.php(368): CodeIgniter\CodeIgniter->handleRequest(null, Object(Config\Cache), false)
 9 FCPATH\index.php(67): CodeIgniter\CodeIgniter->run()
10 SYSTEMPATH\Commands\Server\rewrite.php(47): require_once('C:\\Users\\lenovo\\code\\joki\\CI4-StarterPanel\\public\\index.php')
CRITICAL - 2024-05-01 00:51:08 --> Undefined array key "created_at"
in APPPATH\Views\terrafert\alat.php on line 26.
 1 APPPATH\Views\terrafert\alat.php(26): CodeIgniter\Debug\Exceptions->errorHandler(2, 'Undefined array key "created_at"', 'C:\\Users\\lenovo\\code\\joki\\CI4-StarterPanel\\app\\Views\\terrafert\\alat.php', 26)
 2 SYSTEMPATH\View\View.php(213): include('C:\\Users\\lenovo\\code\\joki\\CI4-StarterPanel\\app\\Views\\terrafert\\alat.php')
 3 SYSTEMPATH\View\View.php(216): CodeIgniter\View\View->CodeIgniter\View\{closure}()
 4 SYSTEMPATH\Common.php(1184): CodeIgniter\View\View->render('terrafert/alat', [], true)
 5 APPPATH\Controllers\Alat.php(19): view('terrafert/alat', [...])
 6 SYSTEMPATH\CodeIgniter.php(934): App\Controllers\Alat->index()
 7 SYSTEMPATH\CodeIgniter.php(499): CodeIgniter\CodeIgniter->runController(Object(App\Controllers\Alat))
 8 SYSTEMPATH\CodeIgniter.php(368): CodeIgniter\CodeIgniter->handleRequest(null, Object(Config\Cache), false)
 9 FCPATH\index.php(67): CodeIgniter\CodeIgniter->run()
10 SYSTEMPATH\Commands\Server\rewrite.php(47): require_once('C:\\Users\\lenovo\\code\\joki\\CI4-StarterPanel\\public\\index.php')
ERROR - 2024-05-01 01:15:47 --> mysqli_sql_exception: Table 'adminci4.alat' doesn't exist in C:\Users\lenovo\code\joki\CI4-StarterPanel\vendor\codeigniter4\framework\system\Database\MySQLi\Connection.php:295
Stack trace:
#0 C:\Users\lenovo\code\joki\CI4-StarterPanel\vendor\codeigniter4\framework\system\Database\MySQLi\Connection.php(295): mysqli->query('DELETE FROM `al...', 0)
#1 C:\Users\lenovo\code\joki\CI4-StarterPanel\vendor\codeigniter4\framework\system\Database\BaseConnection.php(691): CodeIgniter\Database\MySQLi\Connection->execute('DELETE FROM `al...')
#2 C:\Users\lenovo\code\joki\CI4-StarterPanel\vendor\codeigniter4\framework\system\Database\BaseConnection.php(605): CodeIgniter\Database\BaseConnection->simpleQuery('DELETE FROM `al...')
#3 C:\Users\lenovo\code\joki\CI4-StarterPanel\vendor\codeigniter4\framework\system\Database\BaseBuilder.php(2791): CodeIgniter\Database\BaseConnection->query('DELETE FROM `al...', Array, false)
#4 C:\Users\lenovo\code\joki\CI4-StarterPanel\app\Models\AlatModel.php(69): CodeIgniter\Database\BaseBuilder->delete(Array)
#5 C:\Users\lenovo\code\joki\CI4-StarterPanel\app\Controllers\Alat.php(106): App\Models\AlatModel->deleteAlat('3')
#6 C:\Users\lenovo\code\joki\CI4-StarterPanel\vendor\codeigniter4\framework\system\CodeIgniter.php(934): App\Controllers\Alat->delete('3')
#7 C:\Users\lenovo\code\joki\CI4-StarterPanel\vendor\codeigniter4\framework\system\CodeIgniter.php(499): CodeIgniter\CodeIgniter->runController(Object(App\Controllers\Alat))
#8 C:\Users\lenovo\code\joki\CI4-StarterPanel\vendor\codeigniter4\framework\system\CodeIgniter.php(368): CodeIgniter\CodeIgniter->handleRequest(NULL, Object(Config\Cache), false)
#9 C:\Users\lenovo\code\joki\CI4-StarterPanel\public\index.php(67): CodeIgniter\CodeIgniter->run()
#10 C:\Users\lenovo\code\joki\CI4-StarterPanel\vendor\codeigniter4\framework\system\Commands\Server\rewrite.php(47): require_once('C:\\Users\\lenovo...')
#11 {main}
CRITICAL - 2024-05-01 01:15:47 --> Table 'adminci4.alat' doesn't exist
in SYSTEMPATH\Database\MySQLi\Connection.php on line 295.
 1 SYSTEMPATH\Database\MySQLi\Connection.php(295): mysqli->query('DELETE FROM `alat`
WHERE `id` = \'3\'', 0)
 2 SYSTEMPATH\Database\BaseConnection.php(691): CodeIgniter\Database\MySQLi\Connection->execute('DELETE FROM `alat`
WHERE `id` = \'3\'')
 3 SYSTEMPATH\Database\BaseConnection.php(605): CodeIgniter\Database\BaseConnection->simpleQuery('DELETE FROM `alat`
WHERE `id` = \'3\'')
 4 SYSTEMPATH\Database\BaseBuilder.php(2791): CodeIgniter\Database\BaseConnection->query('DELETE FROM `alat`
WHERE `id` = :id:', [...], false)
 5 APPPATH\Models\AlatModel.php(69): CodeIgniter\Database\BaseBuilder->delete([...])
 6 APPPATH\Controllers\Alat.php(106): App\Models\AlatModel->deleteAlat('3')
 7 SYSTEMPATH\CodeIgniter.php(934): App\Controllers\Alat->delete('3')
 8 SYSTEMPATH\CodeIgniter.php(499): CodeIgniter\CodeIgniter->runController(Object(App\Controllers\Alat))
 9 SYSTEMPATH\CodeIgniter.php(368): CodeIgniter\CodeIgniter->handleRequest(null, Object(Config\Cache), false)
10 FCPATH\index.php(67): CodeIgniter\CodeIgniter->run()
11 SYSTEMPATH\Commands\Server\rewrite.php(47): require_once('C:\\Users\\lenovo\\code\\joki\\CI4-StarterPanel\\public\\index.php')
CRITICAL - 2024-05-01 06:21:59 --> Undefined variable $month
in APPPATH\Views\terrafert\histori.php on line 13.
 1 APPPATH\Views\terrafert\histori.php(13): CodeIgniter\Debug\Exceptions->errorHandler(2, 'Undefined variable $month', 'C:\\Users\\lenovo\\code\\joki\\CI4-StarterPanel\\app\\Views\\terrafert\\histori.php', 13)
 2 SYSTEMPATH\View\View.php(213): include('C:\\Users\\lenovo\\code\\joki\\CI4-StarterPanel\\app\\Views\\terrafert\\histori.php')
 3 SYSTEMPATH\View\View.php(216): CodeIgniter\View\View->CodeIgniter\View\{closure}()
 4 SYSTEMPATH\Common.php(1184): CodeIgniter\View\View->render('terrafert/histori', [], true)
 5 APPPATH\Controllers\Histori.php(36): view('terrafert/histori', [...])
 6 SYSTEMPATH\CodeIgniter.php(934): App\Controllers\Histori->index()
 7 SYSTEMPATH\CodeIgniter.php(499): CodeIgniter\CodeIgniter->runController(Object(App\Controllers\Histori))
 8 SYSTEMPATH\CodeIgniter.php(368): CodeIgniter\CodeIgniter->handleRequest(null, Object(Config\Cache), false)
 9 FCPATH\index.php(67): CodeIgniter\CodeIgniter->run()
10 SYSTEMPATH\Commands\Server\rewrite.php(47): require_once('C:\\Users\\lenovo\\code\\joki\\CI4-StarterPanel\\public\\index.php')
CRITICAL - 2024-05-01 07:20:28 --> Undefined property: App\Controllers\Histori::$input
in APPPATH\Controllers\Histori.php on line 40.
 1 APPPATH\Controllers\Histori.php(40): CodeIgniter\Debug\Exceptions->errorHandler(2, 'Undefined property: App\\Controllers\\Histori::$input', 'C:\\Users\\lenovo\\code\\joki\\CI4-StarterPanel\\app\\Controllers\\Histori.php', 40)
 2 SYSTEMPATH\CodeIgniter.php(934): App\Controllers\Histori->filterDeviceByMonth()
 3 SYSTEMPATH\CodeIgniter.php(499): CodeIgniter\CodeIgniter->runController(Object(App\Controllers\Histori))
 4 SYSTEMPATH\CodeIgniter.php(368): CodeIgniter\CodeIgniter->handleRequest(null, Object(Config\Cache), false)
 5 FCPATH\index.php(67): CodeIgniter\CodeIgniter->run()
 6 SYSTEMPATH\Commands\Server\rewrite.php(47): require_once('C:\\Users\\lenovo\\code\\joki\\CI4-StarterPanel\\public\\index.php')
CRITICAL - 2024-05-01 07:24:57 --> Call to undefined method CodeIgniter\HTTP\IncomingRequest::post()
in APPPATH\Controllers\Histori.php on line 40.
 1 SYSTEMPATH\CodeIgniter.php(934): App\Controllers\Histori->filterDeviceByMonth()
 2 SYSTEMPATH\CodeIgniter.php(499): CodeIgniter\CodeIgniter->runController(Object(App\Controllers\Histori))
 3 SYSTEMPATH\CodeIgniter.php(368): CodeIgniter\CodeIgniter->handleRequest(null, Object(Config\Cache), false)
 4 FCPATH\index.php(67): CodeIgniter\CodeIgniter->run()
 5 SYSTEMPATH\Commands\Server\rewrite.php(47): require_once('C:\\Users\\lenovo\\code\\joki\\CI4-StarterPanel\\public\\index.php')
CRITICAL - 2024-05-01 07:25:39 --> Call to undefined method CodeIgniter\HTTP\IncomingRequest::post()
in APPPATH\Controllers\Histori.php on line 40.
 1 SYSTEMPATH\CodeIgniter.php(934): App\Controllers\Histori->filterDeviceByMonth()
 2 SYSTEMPATH\CodeIgniter.php(499): CodeIgniter\CodeIgniter->runController(Object(App\Controllers\Histori))
 3 SYSTEMPATH\CodeIgniter.php(368): CodeIgniter\CodeIgniter->handleRequest(null, Object(Config\Cache), false)
 4 FCPATH\index.php(67): CodeIgniter\CodeIgniter->run()
 5 SYSTEMPATH\Commands\Server\rewrite.php(47): require_once('C:\\Users\\lenovo\\code\\joki\\CI4-StarterPanel\\public\\index.php')
CRITICAL - 2024-05-01 07:26:40 --> Call to undefined method CodeIgniter\HTTP\IncomingRequest::post()
in APPPATH\Controllers\Histori.php on line 40.
 1 SYSTEMPATH\CodeIgniter.php(934): App\Controllers\Histori->filterDeviceByMonth()
 2 SYSTEMPATH\CodeIgniter.php(499): CodeIgniter\CodeIgniter->runController(Object(App\Controllers\Histori))
 3 SYSTEMPATH\CodeIgniter.php(368): CodeIgniter\CodeIgniter->handleRequest(null, Object(Config\Cache), false)
 4 FCPATH\index.php(67): CodeIgniter\CodeIgniter->run()
 5 SYSTEMPATH\Commands\Server\rewrite.php(47): require_once('C:\\Users\\lenovo\\code\\joki\\CI4-StarterPanel\\public\\index.php')
ERROR - 2024-05-01 07:48:00 --> mysqli_sql_exception: Duplicate entry '2024-05-01 19:48:00' for key 'PRIMARY' in C:\Users\lenovo\code\joki\CI4-StarterPanel\vendor\codeigniter4\framework\system\Database\MySQLi\Connection.php:295
Stack trace:
#0 C:\Users\lenovo\code\joki\CI4-StarterPanel\vendor\codeigniter4\framework\system\Database\MySQLi\Connection.php(295): mysqli->query('INSERT INTO `se...', 0)
#1 C:\Users\lenovo\code\joki\CI4-StarterPanel\vendor\codeigniter4\framework\system\Database\BaseConnection.php(691): CodeIgniter\Database\MySQLi\Connection->execute('INSERT INTO `se...')
#2 C:\Users\lenovo\code\joki\CI4-StarterPanel\vendor\codeigniter4\framework\system\Database\BaseConnection.php(605): CodeIgniter\Database\BaseConnection->simpleQuery('INSERT INTO `se...')
#3 C:\Users\lenovo\code\joki\CI4-StarterPanel\vendor\codeigniter4\framework\system\Database\BaseBuilder.php(2309): CodeIgniter\Database\BaseConnection->query('INSERT INTO `se...', Array, false)
#4 C:\Users\lenovo\code\joki\CI4-StarterPanel\vendor\codeigniter4\framework\system\Session\Handlers\DatabaseHandler.php(208): CodeIgniter\Database\BaseBuilder->insert(Array)
#5 [internal function]: CodeIgniter\Session\Handlers\DatabaseHandler->write('juet8qcu8eu9gqq...', '__ci_last_regen...')
#6 [internal function]: session_write_close()
#7 {main}
ERROR - 2024-05-01 07:48:00 --> mysqli_sql_exception: Duplicate entry '2024-05-01 19:48:00' for key 'PRIMARY' in C:\Users\lenovo\code\joki\CI4-StarterPanel\vendor\codeigniter4\framework\system\Database\MySQLi\Connection.php:295
Stack trace:
#0 C:\Users\lenovo\code\joki\CI4-StarterPanel\vendor\codeigniter4\framework\system\Database\MySQLi\Connection.php(295): mysqli->query('INSERT INTO `se...', 0)
#1 C:\Users\lenovo\code\joki\CI4-StarterPanel\vendor\codeigniter4\framework\system\Database\BaseConnection.php(691): CodeIgniter\Database\MySQLi\Connection->execute('INSERT INTO `se...')
#2 C:\Users\lenovo\code\joki\CI4-StarterPanel\vendor\codeigniter4\framework\system\Database\BaseConnection.php(605): CodeIgniter\Database\BaseConnection->simpleQuery('INSERT INTO `se...')
#3 C:\Users\lenovo\code\joki\CI4-StarterPanel\vendor\codeigniter4\framework\system\Database\BaseBuilder.php(2309): CodeIgniter\Database\BaseConnection->query('INSERT INTO `se...', Array, false)
#4 C:\Users\lenovo\code\joki\CI4-StarterPanel\vendor\codeigniter4\framework\system\Session\Handlers\DatabaseHandler.php(208): CodeIgniter\Database\BaseBuilder->insert(Array)
#5 [internal function]: CodeIgniter\Session\Handlers\DatabaseHandler->write('juet8qcu8eu9gqq...', '__ci_last_regen...')
#6 [internal function]: session_write_close()
#7 {main}
