CRITICAL - 2024-04-22 11:19:09 --> Class "Locale" not found
in SYSTEMPATH\CodeIgniter.php on line 194.
 1 ROOTPATH\spark(83): CodeIgniter\CodeIgniter->initialize()
CRITICAL - 2024-04-22 11:19:42 --> Class "Locale" not found
in SYSTEMPATH\CodeIgniter.php on line 194.
 1 ROOTPATH\spark(83): CodeIgniter\CodeIgniter->initialize()
CRITICAL - 2024-04-22 04:30:00 --> str_replace(): Passing null to parameter #3 ($subject) of type array|string is deprecated
in APPPATH\Views\developers\crudGenerator.php on line 98.
 1 [internal function]: CodeIgniter\Debug\Exceptions->errorHandler(8192, 'str_replace(): Passing null to parameter #3 ($subject) of type array|string is deprecated', 'C:\\Users\\lenovo\\code\\joki\\CI4-StarterPanel\\app\\Views\\developers\\crudGenerator.php', 98)
 2 APPPATH\Views\developers\crudGenerator.php(98): str_replace('_', ' ', null)
 3 SYSTEMPATH\View\View.php(213): include('C:\\Users\\lenovo\\code\\joki\\CI4-StarterPanel\\app\\Views\\developers\\crudGenerator.php')
 4 SYSTEMPATH\View\View.php(216): CodeIgniter\View\View->CodeIgniter\View\{closure}()
 5 SYSTEMPATH\Common.php(1184): CodeIgniter\View\View->render('developers/crudGenerator', [], true)
 6 APPPATH\Controllers\Developers\CRUDGenerator.php(50): view('developers/crudGenerator', [...])
 7 SYSTEMPATH\CodeIgniter.php(934): App\Controllers\Developers\CRUDGenerator->index()
 8 SYSTEMPATH\CodeIgniter.php(499): CodeIgniter\CodeIgniter->runController(Object(App\Controllers\Developers\CRUDGenerator))
 9 SYSTEMPATH\CodeIgniter.php(368): CodeIgniter\CodeIgniter->handleRequest(null, Object(Config\Cache), false)
10 FCPATH\index.php(67): CodeIgniter\CodeIgniter->run()
11 SYSTEMPATH\Commands\Server\rewrite.php(47): require_once('C:\\Users\\lenovo\\code\\joki\\CI4-StarterPanel\\public\\index.php')
CRITICAL - 2024-04-22 04:30:18 --> str_replace(): Passing null to parameter #3 ($subject) of type array|string is deprecated
in APPPATH\Views\developers\crudGenerator.php on line 98.
 1 [internal function]: CodeIgniter\Debug\Exceptions->errorHandler(8192, 'str_replace(): Passing null to parameter #3 ($subject) of type array|string is deprecated', 'C:\\Users\\lenovo\\code\\joki\\CI4-StarterPanel\\app\\Views\\developers\\crudGenerator.php', 98)
 2 APPPATH\Views\developers\crudGenerator.php(98): str_replace('_', ' ', null)
 3 SYSTEMPATH\View\View.php(213): include('C:\\Users\\lenovo\\code\\joki\\CI4-StarterPanel\\app\\Views\\developers\\crudGenerator.php')
 4 SYSTEMPATH\View\View.php(216): CodeIgniter\View\View->CodeIgniter\View\{closure}()
 5 SYSTEMPATH\Common.php(1184): CodeIgniter\View\View->render('developers/crudGenerator', [], true)
 6 APPPATH\Controllers\Developers\CRUDGenerator.php(50): view('developers/crudGenerator', [...])
 7 SYSTEMPATH\CodeIgniter.php(934): App\Controllers\Developers\CRUDGenerator->index()
 8 SYSTEMPATH\CodeIgniter.php(499): CodeIgniter\CodeIgniter->runController(Object(App\Controllers\Developers\CRUDGenerator))
 9 SYSTEMPATH\CodeIgniter.php(368): CodeIgniter\CodeIgniter->handleRequest(null, Object(Config\Cache), false)
10 FCPATH\index.php(67): CodeIgniter\CodeIgniter->run()
11 SYSTEMPATH\Commands\Server\rewrite.php(47): require_once('C:\\Users\\lenovo\\code\\joki\\CI4-StarterPanel\\public\\index.php')
CRITICAL - 2024-04-22 04:30:31 --> str_replace(): Passing null to parameter #3 ($subject) of type array|string is deprecated
in APPPATH\Views\developers\crudGenerator.php on line 98.
 1 [internal function]: CodeIgniter\Debug\Exceptions->errorHandler(8192, 'str_replace(): Passing null to parameter #3 ($subject) of type array|string is deprecated', 'C:\\Users\\lenovo\\code\\joki\\CI4-StarterPanel\\app\\Views\\developers\\crudGenerator.php', 98)
 2 APPPATH\Views\developers\crudGenerator.php(98): str_replace('_', ' ', null)
 3 SYSTEMPATH\View\View.php(213): include('C:\\Users\\lenovo\\code\\joki\\CI4-StarterPanel\\app\\Views\\developers\\crudGenerator.php')
 4 SYSTEMPATH\View\View.php(216): CodeIgniter\View\View->CodeIgniter\View\{closure}()
 5 SYSTEMPATH\Common.php(1184): CodeIgniter\View\View->render('developers/crudGenerator', [], true)
 6 APPPATH\Controllers\Developers\CRUDGenerator.php(50): view('developers/crudGenerator', [...])
 7 SYSTEMPATH\CodeIgniter.php(934): App\Controllers\Developers\CRUDGenerator->index()
 8 SYSTEMPATH\CodeIgniter.php(499): CodeIgniter\CodeIgniter->runController(Object(App\Controllers\Developers\CRUDGenerator))
 9 SYSTEMPATH\CodeIgniter.php(368): CodeIgniter\CodeIgniter->handleRequest(null, Object(Config\Cache), false)
10 FCPATH\index.php(67): CodeIgniter\CodeIgniter->run()
11 SYSTEMPATH\Commands\Server\rewrite.php(47): require_once('C:\\Users\\lenovo\\code\\joki\\CI4-StarterPanel\\public\\index.php')
