ERROR - 2024-05-13 08:27:10 --> Error connecting to the database: mysqli_sql_exception: No connection could be made because the target machine actively refused it in C:\Users\lenovo\code\joki\CI4-StarterPanel\vendor\codeigniter4\framework\system\Database\MySQLi\Connection.php:173
Stack trace:
#0 C:\Users\lenovo\code\joki\CI4-StarterPanel\vendor\codeigniter4\framework\system\Database\MySQLi\Connection.php(173): mysqli->real_connect('localhost', 'root', Object(SensitiveParameterValue), 'adminci4', 3306, '', 0)
#1 C:\Users\lenovo\code\joki\CI4-StarterPanel\vendor\codeigniter4\framework\system\Database\BaseConnection.php(391): CodeIgniter\Database\MySQLi\Connection->connect(false)
#2 C:\Users\lenovo\code\joki\CI4-StarterPanel\vendor\codeigniter4\framework\system\Session\Handlers\DatabaseHandler.php(109): CodeIgniter\Database\BaseConnection->initialize()
#3 [internal function]: CodeIgniter\Session\Handlers\DatabaseHandler->open('sessions', 'ci_session')
#4 C:\Users\lenovo\code\joki\CI4-StarterPanel\vendor\codeigniter4\framework\system\Session\Session.php(928): session_start()
#5 C:\Users\lenovo\code\joki\CI4-StarterPanel\vendor\codeigniter4\framework\system\Session\Session.php(250): CodeIgniter\Session\Session->startSession()
#6 C:\Users\lenovo\code\joki\CI4-StarterPanel\vendor\codeigniter4\framework\system\Config\Services.php(674): CodeIgniter\Session\Session->start()
#7 C:\Users\lenovo\code\joki\CI4-StarterPanel\vendor\codeigniter4\framework\system\Config\BaseService.php(252): CodeIgniter\Config\Services::session(Object(Config\App), false)
#8 C:\Users\lenovo\code\joki\CI4-StarterPanel\vendor\codeigniter4\framework\system\Config\BaseService.php(193): CodeIgniter\Config\BaseService::__callStatic('session', Array)
#9 C:\Users\lenovo\code\joki\CI4-StarterPanel\vendor\codeigniter4\framework\system\Config\Services.php(641): CodeIgniter\Config\BaseService::getSharedInstance('session', NULL)
#10 C:\Users\lenovo\code\joki\CI4-StarterPanel\vendor\codeigniter4\framework\system\Config\BaseService.php(252): CodeIgniter\Config\Services::session()
#11 C:\Users\lenovo\code\joki\CI4-StarterPanel\app\Controllers\BaseController.php(60): CodeIgniter\Config\BaseService::__callStatic('session', Array)
#12 C:\Users\lenovo\code\joki\CI4-StarterPanel\vendor\codeigniter4\framework\system\CodeIgniter.php(907): App\Controllers\BaseController->initController(Object(CodeIgniter\HTTP\IncomingRequest), Object(CodeIgniter\HTTP\Response), Object(CodeIgniter\Log\Logger))
#13 C:\Users\lenovo\code\joki\CI4-StarterPanel\vendor\codeigniter4\framework\system\CodeIgniter.php(490): CodeIgniter\CodeIgniter->createController()
#14 C:\Users\lenovo\code\joki\CI4-StarterPanel\vendor\codeigniter4\framework\system\CodeIgniter.php(368): CodeIgniter\CodeIgniter->handleRequest(NULL, Object(Config\Cache), false)
#15 C:\Users\lenovo\code\joki\CI4-StarterPanel\public\index.php(67): CodeIgniter\CodeIgniter->run()
#16 C:\Users\lenovo\code\joki\CI4-StarterPanel\vendor\codeigniter4\framework\system\Commands\Server\rewrite.php(47): require_once('C:\\Users\\lenovo...')
#17 {main}

Next CodeIgniter\Database\Exceptions\DatabaseException: No connection could be made because the target machine actively refused it in C:\Users\lenovo\code\joki\CI4-StarterPanel\vendor\codeigniter4\framework\system\Database\MySQLi\Connection.php:218
Stack trace:
#0 C:\Users\lenovo\code\joki\CI4-StarterPanel\vendor\codeigniter4\framework\system\Database\BaseConnection.php(391): CodeIgniter\Database\MySQLi\Connection->connect(false)
#1 C:\Users\lenovo\code\joki\CI4-StarterPanel\vendor\codeigniter4\framework\system\Session\Handlers\DatabaseHandler.php(109): CodeIgniter\Database\BaseConnection->initialize()
#2 [internal function]: CodeIgniter\Session\Handlers\DatabaseHandler->open('sessions', 'ci_session')
#3 C:\Users\lenovo\code\joki\CI4-StarterPanel\vendor\codeigniter4\framework\system\Session\Session.php(928): session_start()
#4 C:\Users\lenovo\code\joki\CI4-StarterPanel\vendor\codeigniter4\framework\system\Session\Session.php(250): CodeIgniter\Session\Session->startSession()
#5 C:\Users\lenovo\code\joki\CI4-StarterPanel\vendor\codeigniter4\framework\system\Config\Services.php(674): CodeIgniter\Session\Session->start()
#6 C:\Users\lenovo\code\joki\CI4-StarterPanel\vendor\codeigniter4\framework\system\Config\BaseService.php(252): CodeIgniter\Config\Services::session(Object(Config\App), false)
#7 C:\Users\lenovo\code\joki\CI4-StarterPanel\vendor\codeigniter4\framework\system\Config\BaseService.php(193): CodeIgniter\Config\BaseService::__callStatic('session', Array)
#8 C:\Users\lenovo\code\joki\CI4-StarterPanel\vendor\codeigniter4\framework\system\Config\Services.php(641): CodeIgniter\Config\BaseService::getSharedInstance('session', NULL)
#9 C:\Users\lenovo\code\joki\CI4-StarterPanel\vendor\codeigniter4\framework\system\Config\BaseService.php(252): CodeIgniter\Config\Services::session()
#10 C:\Users\lenovo\code\joki\CI4-StarterPanel\app\Controllers\BaseController.php(60): CodeIgniter\Config\BaseService::__callStatic('session', Array)
#11 C:\Users\lenovo\code\joki\CI4-StarterPanel\vendor\codeigniter4\framework\system\CodeIgniter.php(907): App\Controllers\BaseController->initController(Object(CodeIgniter\HTTP\IncomingRequest), Object(CodeIgniter\HTTP\Response), Object(CodeIgniter\Log\Logger))
#12 C:\Users\lenovo\code\joki\CI4-StarterPanel\vendor\codeigniter4\framework\system\CodeIgniter.php(490): CodeIgniter\CodeIgniter->createController()
#13 C:\Users\lenovo\code\joki\CI4-StarterPanel\vendor\codeigniter4\framework\system\CodeIgniter.php(368): CodeIgniter\CodeIgniter->handleRequest(NULL, Object(Config\Cache), false)
#14 C:\Users\lenovo\code\joki\CI4-StarterPanel\public\index.php(67): CodeIgniter\CodeIgniter->run()
#15 C:\Users\lenovo\code\joki\CI4-StarterPanel\vendor\codeigniter4\framework\system\Commands\Server\rewrite.php(47): require_once('C:\\Users\\lenovo...')
#16 {main}
CRITICAL - 2024-05-13 08:27:10 --> Unable to connect to the database.
Main connection [MySQLi]: No connection could be made because the target machine actively refused it
in SYSTEMPATH\Database\BaseConnection.php on line 427.
 1 SYSTEMPATH\Session\Handlers\DatabaseHandler.php(109): CodeIgniter\Database\BaseConnection->initialize()
 2 [internal function]: CodeIgniter\Session\Handlers\DatabaseHandler->open('sessions', 'ci_session')
 3 SYSTEMPATH\Session\Session.php(928): session_start()
 4 SYSTEMPATH\Session\Session.php(250): CodeIgniter\Session\Session->startSession()
 5 SYSTEMPATH\Config\Services.php(674): CodeIgniter\Session\Session->start()
 6 SYSTEMPATH\Config\BaseService.php(252): CodeIgniter\Config\Services::session(Object(Config\App), false)
 7 SYSTEMPATH\Config\BaseService.php(193): CodeIgniter\Config\BaseService::__callStatic('session', [...])
 8 SYSTEMPATH\Config\Services.php(641): CodeIgniter\Config\BaseService::getSharedInstance('session', null)
 9 SYSTEMPATH\Config\BaseService.php(252): CodeIgniter\Config\Services::session()
10 APPPATH\Controllers\BaseController.php(60): CodeIgniter\Config\BaseService::__callStatic('session', [])
11 SYSTEMPATH\CodeIgniter.php(907): App\Controllers\BaseController->initController(Object(CodeIgniter\HTTP\IncomingRequest), Object(CodeIgniter\HTTP\Response), Object(CodeIgniter\Log\Logger))
12 SYSTEMPATH\CodeIgniter.php(490): CodeIgniter\CodeIgniter->createController()
13 SYSTEMPATH\CodeIgniter.php(368): CodeIgniter\CodeIgniter->handleRequest(null, Object(Config\Cache), false)
14 FCPATH\index.php(67): CodeIgniter\CodeIgniter->run()
15 SYSTEMPATH\Commands\Server\rewrite.php(47): require_once('C:\\Users\\lenovo\\code\\joki\\CI4-StarterPanel\\public\\index.php')
