CRITICAL - 2024-04-30 03:47:20 --> Trying to access array offset on value of type null
in APPPATH\Views\layouts\sidebar.php on line 12.
 1 APPPATH\Views\layouts\sidebar.php(12): CodeIgniter\Debug\Exceptions->errorHandler(2, 'Trying to access array offset on value of type null', 'C:\\Users\\lenovo\\code\\joki\\CI4-StarterPanel\\app\\Views\\layouts\\sidebar.php', 12)
 2 SYSTEMPATH\View\View.php(213): include('C:\\Users\\lenovo\\code\\joki\\CI4-StarterPanel\\app\\Views\\layouts\\sidebar.php')
 3 SYSTEMPATH\View\View.php(216): CodeIgniter\View\View->CodeIgniter\View\{closure}()
 4 SYSTEMPATH\View\View.php(431): CodeIgniter\View\View->render('layouts/sidebar', null, true)
 5 APPPATH\Views\layouts\main.php(26): CodeIgniter\View\View->include('layouts/sidebar')
 6 SYSTEMPATH\View\View.php(213): include('C:\\Users\\lenovo\\code\\joki\\CI4-StarterPanel\\app\\Views\\layouts\\main.php')
 7 SYSTEMPATH\View\View.php(216): CodeIgniter\View\View->CodeIgniter\View\{closure}()
 8 SYSTEMPATH\View\View.php(229): CodeIgniter\View\View->render('layouts/main', [], true)
 9 SYSTEMPATH\Common.php(1184): CodeIgniter\View\View->render('users/userList', [], true)
10 APPPATH\Controllers\Users.php(19): view('users/userList', [...])
11 SYSTEMPATH\CodeIgniter.php(934): App\Controllers\Users->index()
12 SYSTEMPATH\CodeIgniter.php(499): CodeIgniter\CodeIgniter->runController(Object(App\Controllers\Users))
13 SYSTEMPATH\CodeIgniter.php(368): CodeIgniter\CodeIgniter->handleRequest(null, Object(Config\Cache), false)
14 FCPATH\index.php(67): CodeIgniter\CodeIgniter->run()
15 SYSTEMPATH\Commands\Server\rewrite.php(47): require_once('C:\\Users\\lenovo\\code\\joki\\CI4-StarterPanel\\public\\index.php')
CRITICAL - 2024-04-30 03:47:21 --> Trying to access array offset on value of type null
in APPPATH\Views\layouts\sidebar.php on line 12.
 1 APPPATH\Views\layouts\sidebar.php(12): CodeIgniter\Debug\Exceptions->errorHandler(2, 'Trying to access array offset on value of type null', 'C:\\Users\\lenovo\\code\\joki\\CI4-StarterPanel\\app\\Views\\layouts\\sidebar.php', 12)
 2 SYSTEMPATH\View\View.php(213): include('C:\\Users\\lenovo\\code\\joki\\CI4-StarterPanel\\app\\Views\\layouts\\sidebar.php')
 3 SYSTEMPATH\View\View.php(216): CodeIgniter\View\View->CodeIgniter\View\{closure}()
 4 SYSTEMPATH\View\View.php(431): CodeIgniter\View\View->render('layouts/sidebar', null, true)
 5 APPPATH\Views\layouts\main.php(26): CodeIgniter\View\View->include('layouts/sidebar')
 6 SYSTEMPATH\View\View.php(213): include('C:\\Users\\lenovo\\code\\joki\\CI4-StarterPanel\\app\\Views\\layouts\\main.php')
 7 SYSTEMPATH\View\View.php(216): CodeIgniter\View\View->CodeIgniter\View\{closure}()
 8 SYSTEMPATH\View\View.php(229): CodeIgniter\View\View->render('layouts/main', [], true)
 9 SYSTEMPATH\Common.php(1184): CodeIgniter\View\View->render('common/home', [], true)
10 APPPATH\Controllers\Home.php(14): view('common/home', [...])
11 SYSTEMPATH\CodeIgniter.php(934): App\Controllers\Home->index()
12 SYSTEMPATH\CodeIgniter.php(499): CodeIgniter\CodeIgniter->runController(Object(App\Controllers\Home))
13 SYSTEMPATH\CodeIgniter.php(368): CodeIgniter\CodeIgniter->handleRequest(null, Object(Config\Cache), false)
14 FCPATH\index.php(67): CodeIgniter\CodeIgniter->run()
15 SYSTEMPATH\Commands\Server\rewrite.php(47): require_once('C:\\Users\\lenovo\\code\\joki\\CI4-StarterPanel\\public\\index.php')
CRITICAL - 2024-04-30 03:47:26 --> Trying to access array offset on value of type null
in APPPATH\Views\layouts\sidebar.php on line 12.
 1 APPPATH\Views\layouts\sidebar.php(12): CodeIgniter\Debug\Exceptions->errorHandler(2, 'Trying to access array offset on value of type null', 'C:\\Users\\lenovo\\code\\joki\\CI4-StarterPanel\\app\\Views\\layouts\\sidebar.php', 12)
 2 SYSTEMPATH\View\View.php(213): include('C:\\Users\\lenovo\\code\\joki\\CI4-StarterPanel\\app\\Views\\layouts\\sidebar.php')
 3 SYSTEMPATH\View\View.php(216): CodeIgniter\View\View->CodeIgniter\View\{closure}()
 4 SYSTEMPATH\View\View.php(431): CodeIgniter\View\View->render('layouts/sidebar', null, true)
 5 APPPATH\Views\layouts\main.php(26): CodeIgniter\View\View->include('layouts/sidebar')
 6 SYSTEMPATH\View\View.php(213): include('C:\\Users\\lenovo\\code\\joki\\CI4-StarterPanel\\app\\Views\\layouts\\main.php')
 7 SYSTEMPATH\View\View.php(216): CodeIgniter\View\View->CodeIgniter\View\{closure}()
 8 SYSTEMPATH\View\View.php(229): CodeIgniter\View\View->render('layouts/main', [], true)
 9 SYSTEMPATH\Common.php(1184): CodeIgniter\View\View->render('common/home', [], true)
10 APPPATH\Controllers\Home.php(14): view('common/home', [...])
11 SYSTEMPATH\CodeIgniter.php(934): App\Controllers\Home->index()
12 SYSTEMPATH\CodeIgniter.php(499): CodeIgniter\CodeIgniter->runController(Object(App\Controllers\Home))
13 SYSTEMPATH\CodeIgniter.php(368): CodeIgniter\CodeIgniter->handleRequest(null, Object(Config\Cache), false)
14 FCPATH\index.php(67): CodeIgniter\CodeIgniter->run()
15 SYSTEMPATH\Commands\Server\rewrite.php(47): require_once('C:\\Users\\lenovo\\code\\joki\\CI4-StarterPanel\\public\\index.php')
CRITICAL - 2024-04-30 03:47:29 --> Trying to access array offset on value of type null
in APPPATH\Views\layouts\sidebar.php on line 12.
 1 APPPATH\Views\layouts\sidebar.php(12): CodeIgniter\Debug\Exceptions->errorHandler(2, 'Trying to access array offset on value of type null', 'C:\\Users\\lenovo\\code\\joki\\CI4-StarterPanel\\app\\Views\\layouts\\sidebar.php', 12)
 2 SYSTEMPATH\View\View.php(213): include('C:\\Users\\lenovo\\code\\joki\\CI4-StarterPanel\\app\\Views\\layouts\\sidebar.php')
 3 SYSTEMPATH\View\View.php(216): CodeIgniter\View\View->CodeIgniter\View\{closure}()
 4 SYSTEMPATH\View\View.php(431): CodeIgniter\View\View->render('layouts/sidebar', null, true)
 5 APPPATH\Views\layouts\main.php(26): CodeIgniter\View\View->include('layouts/sidebar')
 6 SYSTEMPATH\View\View.php(213): include('C:\\Users\\lenovo\\code\\joki\\CI4-StarterPanel\\app\\Views\\layouts\\main.php')
 7 SYSTEMPATH\View\View.php(216): CodeIgniter\View\View->CodeIgniter\View\{closure}()
 8 SYSTEMPATH\View\View.php(229): CodeIgniter\View\View->render('layouts/main', [], true)
 9 SYSTEMPATH\Common.php(1184): CodeIgniter\View\View->render('common/home', [], true)
10 APPPATH\Controllers\Home.php(14): view('common/home', [...])
11 SYSTEMPATH\CodeIgniter.php(934): App\Controllers\Home->index()
12 SYSTEMPATH\CodeIgniter.php(499): CodeIgniter\CodeIgniter->runController(Object(App\Controllers\Home))
13 SYSTEMPATH\CodeIgniter.php(368): CodeIgniter\CodeIgniter->handleRequest(null, Object(Config\Cache), false)
14 FCPATH\index.php(67): CodeIgniter\CodeIgniter->run()
15 SYSTEMPATH\Commands\Server\rewrite.php(47): require_once('C:\\Users\\lenovo\\code\\joki\\CI4-StarterPanel\\public\\index.php')
CRITICAL - 2024-04-30 03:47:31 --> Trying to access array offset on value of type null
in APPPATH\Views\layouts\sidebar.php on line 12.
 1 APPPATH\Views\layouts\sidebar.php(12): CodeIgniter\Debug\Exceptions->errorHandler(2, 'Trying to access array offset on value of type null', 'C:\\Users\\lenovo\\code\\joki\\CI4-StarterPanel\\app\\Views\\layouts\\sidebar.php', 12)
 2 SYSTEMPATH\View\View.php(213): include('C:\\Users\\lenovo\\code\\joki\\CI4-StarterPanel\\app\\Views\\layouts\\sidebar.php')
 3 SYSTEMPATH\View\View.php(216): CodeIgniter\View\View->CodeIgniter\View\{closure}()
 4 SYSTEMPATH\View\View.php(431): CodeIgniter\View\View->render('layouts/sidebar', null, true)
 5 APPPATH\Views\layouts\main.php(26): CodeIgniter\View\View->include('layouts/sidebar')
 6 SYSTEMPATH\View\View.php(213): include('C:\\Users\\lenovo\\code\\joki\\CI4-StarterPanel\\app\\Views\\layouts\\main.php')
 7 SYSTEMPATH\View\View.php(216): CodeIgniter\View\View->CodeIgniter\View\{closure}()
 8 SYSTEMPATH\View\View.php(229): CodeIgniter\View\View->render('layouts/main', [], true)
 9 SYSTEMPATH\Common.php(1184): CodeIgniter\View\View->render('common/home', [], true)
10 APPPATH\Controllers\Home.php(14): view('common/home', [...])
11 SYSTEMPATH\CodeIgniter.php(934): App\Controllers\Home->index()
12 SYSTEMPATH\CodeIgniter.php(499): CodeIgniter\CodeIgniter->runController(Object(App\Controllers\Home))
13 SYSTEMPATH\CodeIgniter.php(368): CodeIgniter\CodeIgniter->handleRequest(null, Object(Config\Cache), false)
14 FCPATH\index.php(67): CodeIgniter\CodeIgniter->run()
15 SYSTEMPATH\Commands\Server\rewrite.php(47): require_once('C:\\Users\\lenovo\\code\\joki\\CI4-StarterPanel\\public\\index.php')
CRITICAL - 2024-04-30 03:47:34 --> Trying to access array offset on value of type null
in APPPATH\Views\layouts\sidebar.php on line 12.
 1 APPPATH\Views\layouts\sidebar.php(12): CodeIgniter\Debug\Exceptions->errorHandler(2, 'Trying to access array offset on value of type null', 'C:\\Users\\lenovo\\code\\joki\\CI4-StarterPanel\\app\\Views\\layouts\\sidebar.php', 12)
 2 SYSTEMPATH\View\View.php(213): include('C:\\Users\\lenovo\\code\\joki\\CI4-StarterPanel\\app\\Views\\layouts\\sidebar.php')
 3 SYSTEMPATH\View\View.php(216): CodeIgniter\View\View->CodeIgniter\View\{closure}()
 4 SYSTEMPATH\View\View.php(431): CodeIgniter\View\View->render('layouts/sidebar', null, true)
 5 APPPATH\Views\layouts\main.php(26): CodeIgniter\View\View->include('layouts/sidebar')
 6 SYSTEMPATH\View\View.php(213): include('C:\\Users\\lenovo\\code\\joki\\CI4-StarterPanel\\app\\Views\\layouts\\main.php')
 7 SYSTEMPATH\View\View.php(216): CodeIgniter\View\View->CodeIgniter\View\{closure}()
 8 SYSTEMPATH\View\View.php(229): CodeIgniter\View\View->render('layouts/main', [], true)
 9 SYSTEMPATH\Common.php(1184): CodeIgniter\View\View->render('common/home', [], true)
10 APPPATH\Controllers\Home.php(14): view('common/home', [...])
11 SYSTEMPATH\CodeIgniter.php(934): App\Controllers\Home->index()
12 SYSTEMPATH\CodeIgniter.php(499): CodeIgniter\CodeIgniter->runController(Object(App\Controllers\Home))
13 SYSTEMPATH\CodeIgniter.php(368): CodeIgniter\CodeIgniter->handleRequest(null, Object(Config\Cache), false)
14 FCPATH\index.php(67): CodeIgniter\CodeIgniter->run()
15 SYSTEMPATH\Commands\Server\rewrite.php(47): require_once('C:\\Users\\lenovo\\code\\joki\\CI4-StarterPanel\\public\\index.php')
CRITICAL - 2024-04-30 03:48:11 --> Trying to access array offset on value of type null
in APPPATH\Views\layouts\sidebar.php on line 12.
 1 APPPATH\Views\layouts\sidebar.php(12): CodeIgniter\Debug\Exceptions->errorHandler(2, 'Trying to access array offset on value of type null', 'C:\\Users\\lenovo\\code\\joki\\CI4-StarterPanel\\app\\Views\\layouts\\sidebar.php', 12)
 2 SYSTEMPATH\View\View.php(213): include('C:\\Users\\lenovo\\code\\joki\\CI4-StarterPanel\\app\\Views\\layouts\\sidebar.php')
 3 SYSTEMPATH\View\View.php(216): CodeIgniter\View\View->CodeIgniter\View\{closure}()
 4 SYSTEMPATH\View\View.php(431): CodeIgniter\View\View->render('layouts/sidebar', null, true)
 5 APPPATH\Views\layouts\main.php(26): CodeIgniter\View\View->include('layouts/sidebar')
 6 SYSTEMPATH\View\View.php(213): include('C:\\Users\\lenovo\\code\\joki\\CI4-StarterPanel\\app\\Views\\layouts\\main.php')
 7 SYSTEMPATH\View\View.php(216): CodeIgniter\View\View->CodeIgniter\View\{closure}()
 8 SYSTEMPATH\View\View.php(229): CodeIgniter\View\View->render('layouts/main', [], true)
 9 SYSTEMPATH\Common.php(1184): CodeIgniter\View\View->render('common/home', [], true)
10 APPPATH\Controllers\Home.php(14): view('common/home', [...])
11 SYSTEMPATH\CodeIgniter.php(934): App\Controllers\Home->index()
12 SYSTEMPATH\CodeIgniter.php(499): CodeIgniter\CodeIgniter->runController(Object(App\Controllers\Home))
13 SYSTEMPATH\CodeIgniter.php(368): CodeIgniter\CodeIgniter->handleRequest(null, Object(Config\Cache), false)
14 FCPATH\index.php(67): CodeIgniter\CodeIgniter->run()
15 SYSTEMPATH\Commands\Server\rewrite.php(47): require_once('C:\\Users\\lenovo\\code\\joki\\CI4-StarterPanel\\public\\index.php')
CRITICAL - 2024-04-30 10:54:01 --> str_replace(): Passing null to parameter #3 ($subject) of type array|string is deprecated
in APPPATH\Views\developers\crudGenerator.php on line 98.
 1 [internal function]: CodeIgniter\Debug\Exceptions->errorHandler(8192, 'str_replace(): Passing null to parameter #3 ($subject) of type array|string is deprecated', 'C:\\Users\\lenovo\\code\\joki\\CI4-StarterPanel\\app\\Views\\developers\\crudGenerator.php', 98)
 2 APPPATH\Views\developers\crudGenerator.php(98): str_replace('_', ' ', null)
 3 SYSTEMPATH\View\View.php(213): include('C:\\Users\\lenovo\\code\\joki\\CI4-StarterPanel\\app\\Views\\developers\\crudGenerator.php')
 4 SYSTEMPATH\View\View.php(216): CodeIgniter\View\View->CodeIgniter\View\{closure}()
 5 SYSTEMPATH\Common.php(1184): CodeIgniter\View\View->render('developers/crudGenerator', [], true)
 6 APPPATH\Controllers\Developers\CRUDGenerator.php(50): view('developers/crudGenerator', [...])
 7 SYSTEMPATH\CodeIgniter.php(934): App\Controllers\Developers\CRUDGenerator->index()
 8 SYSTEMPATH\CodeIgniter.php(499): CodeIgniter\CodeIgniter->runController(Object(App\Controllers\Developers\CRUDGenerator))
 9 SYSTEMPATH\CodeIgniter.php(368): CodeIgniter\CodeIgniter->handleRequest(null, Object(Config\Cache), false)
10 FCPATH\index.php(67): CodeIgniter\CodeIgniter->run()
11 SYSTEMPATH\Commands\Server\rewrite.php(47): require_once('C:\\Users\\lenovo\\code\\joki\\CI4-StarterPanel\\public\\index.php')
CRITICAL - 2024-04-30 21:28:02 --> str_replace(): Passing null to parameter #3 ($subject) of type array|string is deprecated
in APPPATH\Views\developers\crudGenerator.php on line 98.
 1 [internal function]: CodeIgniter\Debug\Exceptions->errorHandler(8192, 'str_replace(): Passing null to parameter #3 ($subject) of type array|string is deprecated', 'C:\\Users\\lenovo\\code\\joki\\CI4-StarterPanel\\app\\Views\\developers\\crudGenerator.php', 98)
 2 APPPATH\Views\developers\crudGenerator.php(98): str_replace('_', ' ', null)
 3 SYSTEMPATH\View\View.php(213): include('C:\\Users\\lenovo\\code\\joki\\CI4-StarterPanel\\app\\Views\\developers\\crudGenerator.php')
 4 SYSTEMPATH\View\View.php(216): CodeIgniter\View\View->CodeIgniter\View\{closure}()
 5 SYSTEMPATH\Common.php(1184): CodeIgniter\View\View->render('developers/crudGenerator', [], true)
 6 APPPATH\Controllers\Developers\CRUDGenerator.php(50): view('developers/crudGenerator', [...])
 7 SYSTEMPATH\CodeIgniter.php(934): App\Controllers\Developers\CRUDGenerator->index()
 8 SYSTEMPATH\CodeIgniter.php(499): CodeIgniter\CodeIgniter->runController(Object(App\Controllers\Developers\CRUDGenerator))
 9 SYSTEMPATH\CodeIgniter.php(368): CodeIgniter\CodeIgniter->handleRequest(null, Object(Config\Cache), false)
10 FCPATH\index.php(67): CodeIgniter\CodeIgniter->run()
11 SYSTEMPATH\Commands\Server\rewrite.php(47): require_once('C:\\Users\\lenovo\\code\\joki\\CI4-StarterPanel\\public\\index.php')
CRITICAL - 2024-04-30 22:31:30 --> str_replace(): Passing null to parameter #3 ($subject) of type array|string is deprecated
in APPPATH\Views\developers\crudGenerator.php on line 98.
 1 [internal function]: CodeIgniter\Debug\Exceptions->errorHandler(8192, 'str_replace(): Passing null to parameter #3 ($subject) of type array|string is deprecated', 'C:\\Users\\lenovo\\code\\joki\\CI4-StarterPanel\\app\\Views\\developers\\crudGenerator.php', 98)
 2 APPPATH\Views\developers\crudGenerator.php(98): str_replace('_', ' ', null)
 3 SYSTEMPATH\View\View.php(213): include('C:\\Users\\lenovo\\code\\joki\\CI4-StarterPanel\\app\\Views\\developers\\crudGenerator.php')
 4 SYSTEMPATH\View\View.php(216): CodeIgniter\View\View->CodeIgniter\View\{closure}()
 5 SYSTEMPATH\Common.php(1184): CodeIgniter\View\View->render('developers/crudGenerator', [], true)
 6 APPPATH\Controllers\Developers\CRUDGenerator.php(50): view('developers/crudGenerator', [...])
 7 SYSTEMPATH\CodeIgniter.php(934): App\Controllers\Developers\CRUDGenerator->index()
 8 SYSTEMPATH\CodeIgniter.php(499): CodeIgniter\CodeIgniter->runController(Object(App\Controllers\Developers\CRUDGenerator))
 9 SYSTEMPATH\CodeIgniter.php(368): CodeIgniter\CodeIgniter->handleRequest(null, Object(Config\Cache), false)
10 FCPATH\index.php(67): CodeIgniter\CodeIgniter->run()
11 SYSTEMPATH\Commands\Server\rewrite.php(47): require_once('C:\\Users\\lenovo\\code\\joki\\CI4-StarterPanel\\public\\index.php')
CRITICAL - 2024-04-30 22:42:58 --> str_replace(): Passing null to parameter #3 ($subject) of type array|string is deprecated
in APPPATH\Views\developers\crudGenerator.php on line 98.
 1 [internal function]: CodeIgniter\Debug\Exceptions->errorHandler(8192, 'str_replace(): Passing null to parameter #3 ($subject) of type array|string is deprecated', 'C:\\Users\\lenovo\\code\\joki\\CI4-StarterPanel\\app\\Views\\developers\\crudGenerator.php', 98)
 2 APPPATH\Views\developers\crudGenerator.php(98): str_replace('_', ' ', null)
 3 SYSTEMPATH\View\View.php(213): include('C:\\Users\\lenovo\\code\\joki\\CI4-StarterPanel\\app\\Views\\developers\\crudGenerator.php')
 4 SYSTEMPATH\View\View.php(216): CodeIgniter\View\View->CodeIgniter\View\{closure}()
 5 SYSTEMPATH\Common.php(1184): CodeIgniter\View\View->render('developers/crudGenerator', [], true)
 6 APPPATH\Controllers\Developers\CRUDGenerator.php(50): view('developers/crudGenerator', [...])
 7 SYSTEMPATH\CodeIgniter.php(934): App\Controllers\Developers\CRUDGenerator->index()
 8 SYSTEMPATH\CodeIgniter.php(499): CodeIgniter\CodeIgniter->runController(Object(App\Controllers\Developers\CRUDGenerator))
 9 SYSTEMPATH\CodeIgniter.php(368): CodeIgniter\CodeIgniter->handleRequest(null, Object(Config\Cache), false)
10 FCPATH\index.php(67): CodeIgniter\CodeIgniter->run()
11 SYSTEMPATH\Commands\Server\rewrite.php(47): require_once('C:\\Users\\lenovo\\code\\joki\\CI4-StarterPanel\\public\\index.php')
CRITICAL - 2024-04-30 22:53:16 --> str_replace(): Passing null to parameter #3 ($subject) of type array|string is deprecated
in APPPATH\Views\developers\crudGenerator.php on line 98.
 1 [internal function]: CodeIgniter\Debug\Exceptions->errorHandler(8192, 'str_replace(): Passing null to parameter #3 ($subject) of type array|string is deprecated', 'C:\\Users\\lenovo\\code\\joki\\CI4-StarterPanel\\app\\Views\\developers\\crudGenerator.php', 98)
 2 APPPATH\Views\developers\crudGenerator.php(98): str_replace('_', ' ', null)
 3 SYSTEMPATH\View\View.php(213): include('C:\\Users\\lenovo\\code\\joki\\CI4-StarterPanel\\app\\Views\\developers\\crudGenerator.php')
 4 SYSTEMPATH\View\View.php(216): CodeIgniter\View\View->CodeIgniter\View\{closure}()
 5 SYSTEMPATH\Common.php(1184): CodeIgniter\View\View->render('developers/crudGenerator', [], true)
 6 APPPATH\Controllers\Developers\CRUDGenerator.php(50): view('developers/crudGenerator', [...])
 7 SYSTEMPATH\CodeIgniter.php(934): App\Controllers\Developers\CRUDGenerator->index()
 8 SYSTEMPATH\CodeIgniter.php(499): CodeIgniter\CodeIgniter->runController(Object(App\Controllers\Developers\CRUDGenerator))
 9 SYSTEMPATH\CodeIgniter.php(368): CodeIgniter\CodeIgniter->handleRequest(null, Object(Config\Cache), false)
10 FCPATH\index.php(67): CodeIgniter\CodeIgniter->run()
11 SYSTEMPATH\Commands\Server\rewrite.php(47): require_once('C:\\Users\\lenovo\\code\\joki\\CI4-StarterPanel\\public\\index.php')
CRITICAL - 2024-04-30 22:53:30 --> str_replace(): Passing null to parameter #3 ($subject) of type array|string is deprecated
in APPPATH\Views\developers\crudGenerator.php on line 98.
 1 [internal function]: CodeIgniter\Debug\Exceptions->errorHandler(8192, 'str_replace(): Passing null to parameter #3 ($subject) of type array|string is deprecated', 'C:\\Users\\lenovo\\code\\joki\\CI4-StarterPanel\\app\\Views\\developers\\crudGenerator.php', 98)
 2 APPPATH\Views\developers\crudGenerator.php(98): str_replace('_', ' ', null)
 3 SYSTEMPATH\View\View.php(213): include('C:\\Users\\lenovo\\code\\joki\\CI4-StarterPanel\\app\\Views\\developers\\crudGenerator.php')
 4 SYSTEMPATH\View\View.php(216): CodeIgniter\View\View->CodeIgniter\View\{closure}()
 5 SYSTEMPATH\Common.php(1184): CodeIgniter\View\View->render('developers/crudGenerator', [], true)
 6 APPPATH\Controllers\Developers\CRUDGenerator.php(50): view('developers/crudGenerator', [...])
 7 SYSTEMPATH\CodeIgniter.php(934): App\Controllers\Developers\CRUDGenerator->index()
 8 SYSTEMPATH\CodeIgniter.php(499): CodeIgniter\CodeIgniter->runController(Object(App\Controllers\Developers\CRUDGenerator))
 9 SYSTEMPATH\CodeIgniter.php(368): CodeIgniter\CodeIgniter->handleRequest(null, Object(Config\Cache), false)
10 FCPATH\index.php(67): CodeIgniter\CodeIgniter->run()
11 SYSTEMPATH\Commands\Server\rewrite.php(47): require_once('C:\\Users\\lenovo\\code\\joki\\CI4-StarterPanel\\public\\index.php')
CRITICAL - 2024-04-30 22:55:55 --> str_replace(): Passing null to parameter #3 ($subject) of type array|string is deprecated
in APPPATH\Views\developers\crudGenerator.php on line 98.
 1 [internal function]: CodeIgniter\Debug\Exceptions->errorHandler(8192, 'str_replace(): Passing null to parameter #3 ($subject) of type array|string is deprecated', 'C:\\Users\\lenovo\\code\\joki\\CI4-StarterPanel\\app\\Views\\developers\\crudGenerator.php', 98)
 2 APPPATH\Views\developers\crudGenerator.php(98): str_replace('_', ' ', null)
 3 SYSTEMPATH\View\View.php(213): include('C:\\Users\\lenovo\\code\\joki\\CI4-StarterPanel\\app\\Views\\developers\\crudGenerator.php')
 4 SYSTEMPATH\View\View.php(216): CodeIgniter\View\View->CodeIgniter\View\{closure}()
 5 SYSTEMPATH\Common.php(1184): CodeIgniter\View\View->render('developers/crudGenerator', [], true)
 6 APPPATH\Controllers\Developers\CRUDGenerator.php(50): view('developers/crudGenerator', [...])
 7 SYSTEMPATH\CodeIgniter.php(934): App\Controllers\Developers\CRUDGenerator->index()
 8 SYSTEMPATH\CodeIgniter.php(499): CodeIgniter\CodeIgniter->runController(Object(App\Controllers\Developers\CRUDGenerator))
 9 SYSTEMPATH\CodeIgniter.php(368): CodeIgniter\CodeIgniter->handleRequest(null, Object(Config\Cache), false)
10 FCPATH\index.php(67): CodeIgniter\CodeIgniter->run()
11 SYSTEMPATH\Commands\Server\rewrite.php(47): require_once('C:\\Users\\lenovo\\code\\joki\\CI4-StarterPanel\\public\\index.php')
CRITICAL - 2024-04-30 22:58:02 --> str_replace(): Passing null to parameter #3 ($subject) of type array|string is deprecated
in APPPATH\Views\developers\crudGenerator.php on line 98.
 1 [internal function]: CodeIgniter\Debug\Exceptions->errorHandler(8192, 'str_replace(): Passing null to parameter #3 ($subject) of type array|string is deprecated', 'C:\\Users\\lenovo\\code\\joki\\CI4-StarterPanel\\app\\Views\\developers\\crudGenerator.php', 98)
 2 APPPATH\Views\developers\crudGenerator.php(98): str_replace('_', ' ', null)
 3 SYSTEMPATH\View\View.php(213): include('C:\\Users\\lenovo\\code\\joki\\CI4-StarterPanel\\app\\Views\\developers\\crudGenerator.php')
 4 SYSTEMPATH\View\View.php(216): CodeIgniter\View\View->CodeIgniter\View\{closure}()
 5 SYSTEMPATH\Common.php(1184): CodeIgniter\View\View->render('developers/crudGenerator', [], true)
 6 APPPATH\Controllers\Developers\CRUDGenerator.php(50): view('developers/crudGenerator', [...])
 7 SYSTEMPATH\CodeIgniter.php(934): App\Controllers\Developers\CRUDGenerator->index()
 8 SYSTEMPATH\CodeIgniter.php(499): CodeIgniter\CodeIgniter->runController(Object(App\Controllers\Developers\CRUDGenerator))
 9 SYSTEMPATH\CodeIgniter.php(368): CodeIgniter\CodeIgniter->handleRequest(null, Object(Config\Cache), false)
10 FCPATH\index.php(67): CodeIgniter\CodeIgniter->run()
11 SYSTEMPATH\Commands\Server\rewrite.php(47): require_once('C:\\Users\\lenovo\\code\\joki\\CI4-StarterPanel\\public\\index.php')
CRITICAL - 2024-04-30 22:58:16 --> str_replace(): Passing null to parameter #3 ($subject) of type array|string is deprecated
in APPPATH\Views\developers\crudGenerator.php on line 98.
 1 [internal function]: CodeIgniter\Debug\Exceptions->errorHandler(8192, 'str_replace(): Passing null to parameter #3 ($subject) of type array|string is deprecated', 'C:\\Users\\lenovo\\code\\joki\\CI4-StarterPanel\\app\\Views\\developers\\crudGenerator.php', 98)
 2 APPPATH\Views\developers\crudGenerator.php(98): str_replace('_', ' ', null)
 3 SYSTEMPATH\View\View.php(213): include('C:\\Users\\lenovo\\code\\joki\\CI4-StarterPanel\\app\\Views\\developers\\crudGenerator.php')
 4 SYSTEMPATH\View\View.php(216): CodeIgniter\View\View->CodeIgniter\View\{closure}()
 5 SYSTEMPATH\Common.php(1184): CodeIgniter\View\View->render('developers/crudGenerator', [], true)
 6 APPPATH\Controllers\Developers\CRUDGenerator.php(50): view('developers/crudGenerator', [...])
 7 SYSTEMPATH\CodeIgniter.php(934): App\Controllers\Developers\CRUDGenerator->index()
 8 SYSTEMPATH\CodeIgniter.php(499): CodeIgniter\CodeIgniter->runController(Object(App\Controllers\Developers\CRUDGenerator))
 9 SYSTEMPATH\CodeIgniter.php(368): CodeIgniter\CodeIgniter->handleRequest(null, Object(Config\Cache), false)
10 FCPATH\index.php(67): CodeIgniter\CodeIgniter->run()
11 SYSTEMPATH\Commands\Server\rewrite.php(47): require_once('C:\\Users\\lenovo\\code\\joki\\CI4-StarterPanel\\public\\index.php')
